[2024-12-15 01:29:45] Inicializando tabela de derivação...
[2024-12-15 01:29:45] Tabela de derivação inicializada.
[2024-12-15 01:29:45] Fazendo análise sintática...
[2024-12-15 01:29:45] Análise sintática concluída!
[2024-12-15 01:29:45] Tabela de símbolos:
[2024-12-15 01:29:45] 	value: (94, 18) (95, 11) (98, 49) 
[2024-12-15 01:29:45] 	prod: (56, 15) (57, 10) (59, 14) (59, 23) 
[2024-12-15 01:29:45] 	exp: (54, 36) (58, 31) (103, 14) (105, 9) (106, 40) 
[2024-12-15 01:29:45] 	potencia: (54, 15) (106, 31) 
[2024-12-15 01:29:45] 	r: (45, 12) (46, 7) (48, 11) (48, 18) (48, 29) (51, 14) 
[2024-12-15 01:29:45] 	iterations: (43, 54) (47, 38) (96, 21) (97, 16) (98, 62) 
[2024-12-15 01:29:45] 	x: (43, 36) (48, 24) (54, 25) (59, 28) (61, 14) (102, 14) (104, 7) (106, 34) 
[2024-12-15 01:29:45] 	At: (30, 15) (31, 8) (35, 16) (35, 31) (39, 19) 
[2024-12-15 01:29:45] 	result: (87, 20) (89, 12) (90, 12) (98, 12) (106, 12) 
[2024-12-15 01:29:45] 	A: (1, 28) (16, 46) (26, 33) (68, 14) (79, 7) (79, 25) (79, 43) (80, 7) (80, 26) (80, 48) (81, 7) (81, 27) (81, 48) (89, 37) (90, 42) 
[2024-12-15 01:29:45] 	m: (26, 42) (31, 26) (33, 29) (38, 29) 
[2024-12-15 01:29:45] 	mA: (1, 38) (8, 26) (13, 30) (21, 30) (70, 13) (74, 8) (89, 42) (90, 47) 
[2024-12-15 01:29:45] 	nA: (1, 48) (2, 13) (15, 38) (71, 13) (75, 8) (89, 47) (90, 52) 
[2024-12-15 01:29:45] 	B: (1, 59) (16, 59) (69, 14) (83, 7) (83, 25) (83, 47) (84, 7) (84, 28) (84, 48) (85, 7) (85, 28) (85, 46) (89, 51) 
[2024-12-15 01:29:45] 	mB: (1, 69) (2, 20) (72, 13) (76, 8) (89, 56) 
[2024-12-15 01:29:45] 	aprox_raiz_quadrada: (43, 26) (98, 42) 
[2024-12-15 01:29:45] 	C: (7, 14) (8, 7) (16, 19) (16, 33) (22, 18) 
[2024-12-15 01:29:45] 	j: (11, 12) (14, 17) (14, 27) (14, 38) (14, 44) (16, 26) (16, 40) (16, 66) (28, 12) (34, 17) (34, 27) (34, 37) (34, 43) (35, 23) (35, 34) 
[2024-12-15 01:29:45] 	nB: (1, 79) (8, 31) (14, 34) (73, 13) (77, 8) (89, 61) 
[2024-12-15 01:29:45] 	main: (64, 11) 
[2024-12-15 01:29:45] 	i: (10, 12) (13, 13) (13, 23) (13, 34) (13, 40) (16, 22) (16, 36) (16, 49) (21, 13) (21, 23) (21, 34) (21, 40) (22, 21) (27, 12) (33, 13) (33, 23) (33, 33) (33, 39) (35, 19) (35, 38) (38, 13) (38, 23) (38, 33) (38, 39) (39, 22) (44, 12) (47, 13) (47, 23) (47, 42) (47, 48) (55, 12) (58, 13) (58, 23) (58, 35) (58, 41) 
[2024-12-15 01:29:45] 	mult_matrix: (1, 18) (89, 34) 
[2024-12-15 01:29:45] 	transpose_matrix: (26, 23) (90, 39) 
[2024-12-15 01:29:45] 	n: (26, 51) (31, 30) (34, 33) 
[2024-12-15 01:29:45] 	k: (12, 12) (15, 21) (15, 31) (15, 42) (15, 48) (16, 53) (16, 62) 
[2024-12-15 01:29:45] Encerrando compilação.
