[2024-12-14 12:04:08] Buffer: RESERVED_WORD_DEF:def
[2024-12-14 12:04:08] Stack: END_OF_FILE PROGRAM 
[2024-12-14 12:04:08] Procurando produção para PROGRAM e RESERVED_WORD_DEF
[2024-12-14 12:04:08] PROGRAM -> FUNCLIST 
[2024-12-14 12:04:08] Buffer: RESERVED_WORD_DEF:def
[2024-12-14 12:04:08] Stack: END_OF_FILE FUNCLIST 
[2024-12-14 12:04:08] Procurando produção para FUNCLIST e RESERVED_WORD_DEF
[2024-12-14 12:04:08] FUNCLIST -> FUNCDEF FUNCLIST_ 
[2024-12-14 12:04:08] Buffer: RESERVED_WORD_DEF:def
[2024-12-14 12:04:08] Stack: END_OF_FILE FUNCLIST_ FUNCDEF 
[2024-12-14 12:04:08] Procurando produção para FUNCDEF e RESERVED_WORD_DEF
[2024-12-14 12:04:08] FUNCDEF -> RESERVED_WORD_DEF IDENT OPEN_PARENTHESIS PARAMLIST CLOSE_PARENTHESIS OPEN_CURLY_BRACE STATELIST CLOSE_CURLY_BRACE 
[2024-12-14 12:04:08] Buffer: RESERVED_WORD_DEF:def
[2024-12-14 12:04:08] Stack: END_OF_FILE FUNCLIST_ CLOSE_CURLY_BRACE STATELIST OPEN_CURLY_BRACE CLOSE_PARENTHESIS PARAMLIST OPEN_PARENTHESIS IDENT RESERVED_WORD_DEF 
[2024-12-14 12:04:08] Buffer: IDENT:mruv
[2024-12-14 12:04:08] Stack: END_OF_FILE FUNCLIST_ CLOSE_CURLY_BRACE STATELIST OPEN_CURLY_BRACE CLOSE_PARENTHESIS PARAMLIST OPEN_PARENTHESIS IDENT 
[2024-12-14 12:04:08] Buffer: OPEN_PARENTHESIS:(
[2024-12-14 12:04:08] Stack: END_OF_FILE FUNCLIST_ CLOSE_CURLY_BRACE STATELIST OPEN_CURLY_BRACE CLOSE_PARENTHESIS PARAMLIST OPEN_PARENTHESIS 
[2024-12-14 12:04:08] Buffer: RESERVED_WORD_FLOAT:float
[2024-12-14 12:04:08] Stack: END_OF_FILE FUNCLIST_ CLOSE_CURLY_BRACE STATELIST OPEN_CURLY_BRACE CLOSE_PARENTHESIS PARAMLIST 
[2024-12-14 12:04:08] Procurando produção para PARAMLIST e RESERVED_WORD_FLOAT
[2024-12-14 12:04:08] PARAMLIST -> RESERVED_WORD_FLOAT IDENT PARAMLIST_ 
[2024-12-14 12:04:08] Buffer: RESERVED_WORD_FLOAT:float
[2024-12-14 12:04:08] Stack: END_OF_FILE FUNCLIST_ CLOSE_CURLY_BRACE STATELIST OPEN_CURLY_BRACE CLOSE_PARENTHESIS PARAMLIST_ IDENT RESERVED_WORD_FLOAT 
[2024-12-14 12:04:08] Buffer: IDENT:s0
[2024-12-14 12:04:08] Stack: END_OF_FILE FUNCLIST_ CLOSE_CURLY_BRACE STATELIST OPEN_CURLY_BRACE CLOSE_PARENTHESIS PARAMLIST_ IDENT 
[2024-12-14 12:04:08] Buffer: COMMA:,
[2024-12-14 12:04:08] Stack: END_OF_FILE FUNCLIST_ CLOSE_CURLY_BRACE STATELIST OPEN_CURLY_BRACE CLOSE_PARENTHESIS PARAMLIST_ 
[2024-12-14 12:04:08] Procurando produção para PARAMLIST_ e COMMA
[2024-12-14 12:04:08] PARAMLIST_ -> COMMA PARAMLIST 
[2024-12-14 12:04:08] Buffer: COMMA:,
[2024-12-14 12:04:08] Stack: END_OF_FILE FUNCLIST_ CLOSE_CURLY_BRACE STATELIST OPEN_CURLY_BRACE CLOSE_PARENTHESIS PARAMLIST COMMA 
[2024-12-14 12:04:08] Buffer: RESERVED_WORD_FLOAT:float
[2024-12-14 12:04:08] Stack: END_OF_FILE FUNCLIST_ CLOSE_CURLY_BRACE STATELIST OPEN_CURLY_BRACE CLOSE_PARENTHESIS PARAMLIST 
[2024-12-14 12:04:08] Procurando produção para PARAMLIST e RESERVED_WORD_FLOAT
[2024-12-14 12:04:08] PARAMLIST -> RESERVED_WORD_FLOAT IDENT PARAMLIST_ 
[2024-12-14 12:04:08] Buffer: RESERVED_WORD_FLOAT:float
[2024-12-14 12:04:08] Stack: END_OF_FILE FUNCLIST_ CLOSE_CURLY_BRACE STATELIST OPEN_CURLY_BRACE CLOSE_PARENTHESIS PARAMLIST_ IDENT RESERVED_WORD_FLOAT 
[2024-12-14 12:04:08] Buffer: IDENT:v0
[2024-12-14 12:04:08] Stack: END_OF_FILE FUNCLIST_ CLOSE_CURLY_BRACE STATELIST OPEN_CURLY_BRACE CLOSE_PARENTHESIS PARAMLIST_ IDENT 
[2024-12-14 12:04:08] Buffer: COMMA:,
[2024-12-14 12:04:08] Stack: END_OF_FILE FUNCLIST_ CLOSE_CURLY_BRACE STATELIST OPEN_CURLY_BRACE CLOSE_PARENTHESIS PARAMLIST_ 
[2024-12-14 12:04:08] Procurando produção para PARAMLIST_ e COMMA
[2024-12-14 12:04:08] PARAMLIST_ -> COMMA PARAMLIST 
[2024-12-14 12:04:08] Buffer: COMMA:,
[2024-12-14 12:04:08] Stack: END_OF_FILE FUNCLIST_ CLOSE_CURLY_BRACE STATELIST OPEN_CURLY_BRACE CLOSE_PARENTHESIS PARAMLIST COMMA 
[2024-12-14 12:04:08] Buffer: RESERVED_WORD_FLOAT:float
[2024-12-14 12:04:08] Stack: END_OF_FILE FUNCLIST_ CLOSE_CURLY_BRACE STATELIST OPEN_CURLY_BRACE CLOSE_PARENTHESIS PARAMLIST 
[2024-12-14 12:04:08] Procurando produção para PARAMLIST e RESERVED_WORD_FLOAT
[2024-12-14 12:04:08] PARAMLIST -> RESERVED_WORD_FLOAT IDENT PARAMLIST_ 
[2024-12-14 12:04:08] Buffer: RESERVED_WORD_FLOAT:float
[2024-12-14 12:04:08] Stack: END_OF_FILE FUNCLIST_ CLOSE_CURLY_BRACE STATELIST OPEN_CURLY_BRACE CLOSE_PARENTHESIS PARAMLIST_ IDENT RESERVED_WORD_FLOAT 
[2024-12-14 12:04:08] Buffer: IDENT:t
[2024-12-14 12:04:08] Stack: END_OF_FILE FUNCLIST_ CLOSE_CURLY_BRACE STATELIST OPEN_CURLY_BRACE CLOSE_PARENTHESIS PARAMLIST_ IDENT 
[2024-12-14 12:04:08] Buffer: COMMA:,
[2024-12-14 12:04:08] Stack: END_OF_FILE FUNCLIST_ CLOSE_CURLY_BRACE STATELIST OPEN_CURLY_BRACE CLOSE_PARENTHESIS PARAMLIST_ 
[2024-12-14 12:04:08] Procurando produção para PARAMLIST_ e COMMA
[2024-12-14 12:04:08] PARAMLIST_ -> COMMA PARAMLIST 
[2024-12-14 12:04:08] Buffer: COMMA:,
[2024-12-14 12:04:08] Stack: END_OF_FILE FUNCLIST_ CLOSE_CURLY_BRACE STATELIST OPEN_CURLY_BRACE CLOSE_PARENTHESIS PARAMLIST COMMA 
[2024-12-14 12:04:08] Buffer: RESERVED_WORD_FLOAT:float
[2024-12-14 12:04:08] Stack: END_OF_FILE FUNCLIST_ CLOSE_CURLY_BRACE STATELIST OPEN_CURLY_BRACE CLOSE_PARENTHESIS PARAMLIST 
[2024-12-14 12:04:08] Procurando produção para PARAMLIST e RESERVED_WORD_FLOAT
[2024-12-14 12:04:08] PARAMLIST -> RESERVED_WORD_FLOAT IDENT PARAMLIST_ 
[2024-12-14 12:04:08] Buffer: RESERVED_WORD_FLOAT:float
[2024-12-14 12:04:08] Stack: END_OF_FILE FUNCLIST_ CLOSE_CURLY_BRACE STATELIST OPEN_CURLY_BRACE CLOSE_PARENTHESIS PARAMLIST_ IDENT RESERVED_WORD_FLOAT 
[2024-12-14 12:04:08] Buffer: IDENT:a
[2024-12-14 12:04:08] Stack: END_OF_FILE FUNCLIST_ CLOSE_CURLY_BRACE STATELIST OPEN_CURLY_BRACE CLOSE_PARENTHESIS PARAMLIST_ IDENT 
[2024-12-14 12:04:08] Buffer: CLOSE_PARENTHESIS:)
[2024-12-14 12:04:08] Stack: END_OF_FILE FUNCLIST_ CLOSE_CURLY_BRACE STATELIST OPEN_CURLY_BRACE CLOSE_PARENTHESIS PARAMLIST_ 
[2024-12-14 12:04:08] Procurando produção para PARAMLIST_ e CLOSE_PARENTHESIS
[2024-12-14 12:04:08] PARAMLIST_ -> 
[2024-12-14 12:04:08] Buffer: CLOSE_PARENTHESIS:)
[2024-12-14 12:04:08] Stack: END_OF_FILE FUNCLIST_ CLOSE_CURLY_BRACE STATELIST OPEN_CURLY_BRACE CLOSE_PARENTHESIS 
[2024-12-14 12:04:08] Buffer: OPEN_CURLY_BRACE:{
[2024-12-14 12:04:08] Stack: END_OF_FILE FUNCLIST_ CLOSE_CURLY_BRACE STATELIST OPEN_CURLY_BRACE 
[2024-12-14 12:04:08] Buffer: IDENT:s
[2024-12-14 12:04:08] Stack: END_OF_FILE FUNCLIST_ CLOSE_CURLY_BRACE STATELIST 
[2024-12-14 12:04:08] Procurando produção para STATELIST e IDENT
[2024-12-14 12:04:08] STATELIST -> STATEMENT STATELIST_ 
[2024-12-14 12:04:08] Buffer: IDENT:s
[2024-12-14 12:04:08] Stack: END_OF_FILE FUNCLIST_ CLOSE_CURLY_BRACE STATELIST_ STATEMENT 
[2024-12-14 12:04:08] Procurando produção para STATEMENT e IDENT
[2024-12-14 12:04:08] STATEMENT -> ATRIBSTAT SEMICOLON 
[2024-12-14 12:04:08] Buffer: IDENT:s
[2024-12-14 12:04:08] Stack: END_OF_FILE FUNCLIST_ CLOSE_CURLY_BRACE STATELIST_ SEMICOLON ATRIBSTAT 
[2024-12-14 12:04:08] Procurando produção para ATRIBSTAT e IDENT
[2024-12-14 12:04:08] ATRIBSTAT -> LVALUE ASSIGNMENT ATRIBSTAT_ 
[2024-12-14 12:04:08] Buffer: IDENT:s
[2024-12-14 12:04:08] Stack: END_OF_FILE FUNCLIST_ CLOSE_CURLY_BRACE STATELIST_ SEMICOLON ATRIBSTAT_ ASSIGNMENT LVALUE 
[2024-12-14 12:04:08] Procurando produção para LVALUE e IDENT
[2024-12-14 12:04:08] LVALUE -> IDENT NUMEXPRLIST 
[2024-12-14 12:04:08] Buffer: IDENT:s
[2024-12-14 12:04:08] Stack: END_OF_FILE FUNCLIST_ CLOSE_CURLY_BRACE STATELIST_ SEMICOLON ATRIBSTAT_ ASSIGNMENT NUMEXPRLIST IDENT 
[2024-12-14 12:04:08] Buffer: ASSIGNMENT:=
[2024-12-14 12:04:08] Stack: END_OF_FILE FUNCLIST_ CLOSE_CURLY_BRACE STATELIST_ SEMICOLON ATRIBSTAT_ ASSIGNMENT NUMEXPRLIST 
[2024-12-14 12:04:08] Procurando produção para NUMEXPRLIST e ASSIGNMENT
[2024-12-14 12:04:08] NUMEXPRLIST -> 
[2024-12-14 12:04:08] Buffer: ASSIGNMENT:=
[2024-12-14 12:04:08] Stack: END_OF_FILE FUNCLIST_ CLOSE_CURLY_BRACE STATELIST_ SEMICOLON ATRIBSTAT_ ASSIGNMENT 
[2024-12-14 12:04:08] Buffer: IDENT:s0
[2024-12-14 12:04:08] Stack: END_OF_FILE FUNCLIST_ CLOSE_CURLY_BRACE STATELIST_ SEMICOLON ATRIBSTAT_ 
[2024-12-14 12:04:08] Procurando produção para ATRIBSTAT_ e IDENT
[2024-12-14 12:04:08] ATRIBSTAT_ -> EXPRESSION 
[2024-12-14 12:04:08] Buffer: IDENT:s0
[2024-12-14 12:04:08] Stack: END_OF_FILE FUNCLIST_ CLOSE_CURLY_BRACE STATELIST_ SEMICOLON EXPRESSION 
[2024-12-14 12:04:08] Procurando produção para EXPRESSION e IDENT
[2024-12-14 12:04:08] EXPRESSION -> NUMEXPRESSION EXPRESSION_ 
[2024-12-14 12:04:08] Buffer: IDENT:s0
[2024-12-14 12:04:08] Stack: END_OF_FILE FUNCLIST_ CLOSE_CURLY_BRACE STATELIST_ SEMICOLON EXPRESSION_ NUMEXPRESSION 
[2024-12-14 12:04:08] Procurando produção para NUMEXPRESSION e IDENT
[2024-12-14 12:04:08] NUMEXPRESSION -> TERM OPTERM 
[2024-12-14 12:04:08] Buffer: IDENT:s0
[2024-12-14 12:04:08] Stack: END_OF_FILE FUNCLIST_ CLOSE_CURLY_BRACE STATELIST_ SEMICOLON EXPRESSION_ OPTERM TERM 
[2024-12-14 12:04:08] Procurando produção para TERM e IDENT
[2024-12-14 12:04:08] TERM -> UNARYEXPR UNARYTERM 
[2024-12-14 12:04:08] Buffer: IDENT:s0
[2024-12-14 12:04:08] Stack: END_OF_FILE FUNCLIST_ CLOSE_CURLY_BRACE STATELIST_ SEMICOLON EXPRESSION_ OPTERM UNARYTERM UNARYEXPR 
[2024-12-14 12:04:08] Procurando produção para UNARYEXPR e IDENT
[2024-12-14 12:04:08] UNARYEXPR -> FACTOR 
[2024-12-14 12:04:08] Buffer: IDENT:s0
[2024-12-14 12:04:08] Stack: END_OF_FILE FUNCLIST_ CLOSE_CURLY_BRACE STATELIST_ SEMICOLON EXPRESSION_ OPTERM UNARYTERM FACTOR 
[2024-12-14 12:04:08] Procurando produção para FACTOR e IDENT
[2024-12-14 12:04:08] FACTOR -> LVALUE 
[2024-12-14 12:04:08] Buffer: IDENT:s0
[2024-12-14 12:04:08] Stack: END_OF_FILE FUNCLIST_ CLOSE_CURLY_BRACE STATELIST_ SEMICOLON EXPRESSION_ OPTERM UNARYTERM LVALUE 
[2024-12-14 12:04:08] Procurando produção para LVALUE e IDENT
[2024-12-14 12:04:08] LVALUE -> IDENT NUMEXPRLIST 
[2024-12-14 12:04:08] Buffer: IDENT:s0
[2024-12-14 12:04:08] Stack: END_OF_FILE FUNCLIST_ CLOSE_CURLY_BRACE STATELIST_ SEMICOLON EXPRESSION_ OPTERM UNARYTERM NUMEXPRLIST IDENT 
[2024-12-14 12:04:08] Buffer: LOW_PRIORITY_OPERATOR:+
[2024-12-14 12:04:08] Stack: END_OF_FILE FUNCLIST_ CLOSE_CURLY_BRACE STATELIST_ SEMICOLON EXPRESSION_ OPTERM UNARYTERM NUMEXPRLIST 
[2024-12-14 12:04:08] Procurando produção para NUMEXPRLIST e LOW_PRIORITY_OPERATOR
[2024-12-14 12:04:08] NUMEXPRLIST -> 
[2024-12-14 12:04:08] Buffer: LOW_PRIORITY_OPERATOR:+
[2024-12-14 12:04:08] Stack: END_OF_FILE FUNCLIST_ CLOSE_CURLY_BRACE STATELIST_ SEMICOLON EXPRESSION_ OPTERM UNARYTERM 
[2024-12-14 12:04:08] Procurando produção para UNARYTERM e LOW_PRIORITY_OPERATOR
[2024-12-14 12:04:08] UNARYTERM -> 
[2024-12-14 12:04:08] Buffer: LOW_PRIORITY_OPERATOR:+
[2024-12-14 12:04:08] Stack: END_OF_FILE FUNCLIST_ CLOSE_CURLY_BRACE STATELIST_ SEMICOLON EXPRESSION_ OPTERM 
[2024-12-14 12:04:08] Procurando produção para OPTERM e LOW_PRIORITY_OPERATOR
[2024-12-14 12:04:08] OPTERM -> LOW_PRIORITY_OPERATOR TERM OPTERM 
[2024-12-14 12:04:08] Buffer: LOW_PRIORITY_OPERATOR:+
[2024-12-14 12:04:08] Stack: END_OF_FILE FUNCLIST_ CLOSE_CURLY_BRACE STATELIST_ SEMICOLON EXPRESSION_ OPTERM TERM LOW_PRIORITY_OPERATOR 
[2024-12-14 12:04:08] Buffer: IDENT:v0
[2024-12-14 12:04:08] Stack: END_OF_FILE FUNCLIST_ CLOSE_CURLY_BRACE STATELIST_ SEMICOLON EXPRESSION_ OPTERM TERM 
[2024-12-14 12:04:08] Procurando produção para TERM e IDENT
[2024-12-14 12:04:08] TERM -> UNARYEXPR UNARYTERM 
[2024-12-14 12:04:08] Buffer: IDENT:v0
[2024-12-14 12:04:08] Stack: END_OF_FILE FUNCLIST_ CLOSE_CURLY_BRACE STATELIST_ SEMICOLON EXPRESSION_ OPTERM UNARYTERM UNARYEXPR 
[2024-12-14 12:04:08] Procurando produção para UNARYEXPR e IDENT
[2024-12-14 12:04:08] UNARYEXPR -> FACTOR 
[2024-12-14 12:04:08] Buffer: IDENT:v0
[2024-12-14 12:04:08] Stack: END_OF_FILE FUNCLIST_ CLOSE_CURLY_BRACE STATELIST_ SEMICOLON EXPRESSION_ OPTERM UNARYTERM FACTOR 
[2024-12-14 12:04:08] Procurando produção para FACTOR e IDENT
[2024-12-14 12:04:08] FACTOR -> LVALUE 
[2024-12-14 12:04:08] Buffer: IDENT:v0
[2024-12-14 12:04:08] Stack: END_OF_FILE FUNCLIST_ CLOSE_CURLY_BRACE STATELIST_ SEMICOLON EXPRESSION_ OPTERM UNARYTERM LVALUE 
[2024-12-14 12:04:08] Procurando produção para LVALUE e IDENT
[2024-12-14 12:04:08] LVALUE -> IDENT NUMEXPRLIST 
[2024-12-14 12:04:08] Buffer: IDENT:v0
[2024-12-14 12:04:08] Stack: END_OF_FILE FUNCLIST_ CLOSE_CURLY_BRACE STATELIST_ SEMICOLON EXPRESSION_ OPTERM UNARYTERM NUMEXPRLIST IDENT 
[2024-12-14 12:04:08] Buffer: HIGH_PRIORITY_OPERATOR:*
[2024-12-14 12:04:08] Stack: END_OF_FILE FUNCLIST_ CLOSE_CURLY_BRACE STATELIST_ SEMICOLON EXPRESSION_ OPTERM UNARYTERM NUMEXPRLIST 
[2024-12-14 12:04:08] Procurando produção para NUMEXPRLIST e HIGH_PRIORITY_OPERATOR
[2024-12-14 12:04:08] NUMEXPRLIST -> 
[2024-12-14 12:04:08] Buffer: HIGH_PRIORITY_OPERATOR:*
[2024-12-14 12:04:08] Stack: END_OF_FILE FUNCLIST_ CLOSE_CURLY_BRACE STATELIST_ SEMICOLON EXPRESSION_ OPTERM UNARYTERM 
[2024-12-14 12:04:08] Procurando produção para UNARYTERM e HIGH_PRIORITY_OPERATOR
[2024-12-14 12:04:08] UNARYTERM -> HIGH_PRIORITY_OPERATOR UNARYEXPR UNARYTERM 
[2024-12-14 12:04:08] Buffer: HIGH_PRIORITY_OPERATOR:*
[2024-12-14 12:04:08] Stack: END_OF_FILE FUNCLIST_ CLOSE_CURLY_BRACE STATELIST_ SEMICOLON EXPRESSION_ OPTERM UNARYTERM UNARYEXPR HIGH_PRIORITY_OPERATOR 
[2024-12-14 12:04:08] Buffer: IDENT:t
[2024-12-14 12:04:08] Stack: END_OF_FILE FUNCLIST_ CLOSE_CURLY_BRACE STATELIST_ SEMICOLON EXPRESSION_ OPTERM UNARYTERM UNARYEXPR 
[2024-12-14 12:04:08] Procurando produção para UNARYEXPR e IDENT
[2024-12-14 12:04:08] UNARYEXPR -> FACTOR 
[2024-12-14 12:04:08] Buffer: IDENT:t
[2024-12-14 12:04:08] Stack: END_OF_FILE FUNCLIST_ CLOSE_CURLY_BRACE STATELIST_ SEMICOLON EXPRESSION_ OPTERM UNARYTERM FACTOR 
[2024-12-14 12:04:08] Procurando produção para FACTOR e IDENT
[2024-12-14 12:04:08] FACTOR -> LVALUE 
[2024-12-14 12:04:08] Buffer: IDENT:t
[2024-12-14 12:04:08] Stack: END_OF_FILE FUNCLIST_ CLOSE_CURLY_BRACE STATELIST_ SEMICOLON EXPRESSION_ OPTERM UNARYTERM LVALUE 
[2024-12-14 12:04:08] Procurando produção para LVALUE e IDENT
[2024-12-14 12:04:08] LVALUE -> IDENT NUMEXPRLIST 
[2024-12-14 12:04:08] Buffer: IDENT:t
[2024-12-14 12:04:08] Stack: END_OF_FILE FUNCLIST_ CLOSE_CURLY_BRACE STATELIST_ SEMICOLON EXPRESSION_ OPTERM UNARYTERM NUMEXPRLIST IDENT 
[2024-12-14 12:04:08] Buffer: LOW_PRIORITY_OPERATOR:+
[2024-12-14 12:04:08] Stack: END_OF_FILE FUNCLIST_ CLOSE_CURLY_BRACE STATELIST_ SEMICOLON EXPRESSION_ OPTERM UNARYTERM NUMEXPRLIST 
[2024-12-14 12:04:08] Procurando produção para NUMEXPRLIST e LOW_PRIORITY_OPERATOR
[2024-12-14 12:04:08] NUMEXPRLIST -> 
[2024-12-14 12:04:08] Buffer: LOW_PRIORITY_OPERATOR:+
[2024-12-14 12:04:08] Stack: END_OF_FILE FUNCLIST_ CLOSE_CURLY_BRACE STATELIST_ SEMICOLON EXPRESSION_ OPTERM UNARYTERM 
[2024-12-14 12:04:08] Procurando produção para UNARYTERM e LOW_PRIORITY_OPERATOR
[2024-12-14 12:04:08] UNARYTERM -> 
[2024-12-14 12:04:08] Buffer: LOW_PRIORITY_OPERATOR:+
[2024-12-14 12:04:08] Stack: END_OF_FILE FUNCLIST_ CLOSE_CURLY_BRACE STATELIST_ SEMICOLON EXPRESSION_ OPTERM 
[2024-12-14 12:04:08] Procurando produção para OPTERM e LOW_PRIORITY_OPERATOR
[2024-12-14 12:04:08] OPTERM -> LOW_PRIORITY_OPERATOR TERM OPTERM 
[2024-12-14 12:04:08] Buffer: LOW_PRIORITY_OPERATOR:+
[2024-12-14 12:04:08] Stack: END_OF_FILE FUNCLIST_ CLOSE_CURLY_BRACE STATELIST_ SEMICOLON EXPRESSION_ OPTERM TERM LOW_PRIORITY_OPERATOR 
[2024-12-14 12:04:08] Buffer: OPEN_PARENTHESIS:(
[2024-12-14 12:04:08] Stack: END_OF_FILE FUNCLIST_ CLOSE_CURLY_BRACE STATELIST_ SEMICOLON EXPRESSION_ OPTERM TERM 
[2024-12-14 12:04:08] Procurando produção para TERM e OPEN_PARENTHESIS
[2024-12-14 12:04:08] TERM -> UNARYEXPR UNARYTERM 
[2024-12-14 12:04:08] Buffer: OPEN_PARENTHESIS:(
[2024-12-14 12:04:08] Stack: END_OF_FILE FUNCLIST_ CLOSE_CURLY_BRACE STATELIST_ SEMICOLON EXPRESSION_ OPTERM UNARYTERM UNARYEXPR 
[2024-12-14 12:04:08] Procurando produção para UNARYEXPR e OPEN_PARENTHESIS
[2024-12-14 12:04:08] UNARYEXPR -> FACTOR 
[2024-12-14 12:04:08] Buffer: OPEN_PARENTHESIS:(
[2024-12-14 12:04:08] Stack: END_OF_FILE FUNCLIST_ CLOSE_CURLY_BRACE STATELIST_ SEMICOLON EXPRESSION_ OPTERM UNARYTERM FACTOR 
[2024-12-14 12:04:08] Procurando produção para FACTOR e OPEN_PARENTHESIS
[2024-12-14 12:04:08] FACTOR -> OPEN_PARENTHESIS NUMEXPRESSION CLOSE_PARENTHESIS 
[2024-12-14 12:04:08] Buffer: OPEN_PARENTHESIS:(
[2024-12-14 12:04:08] Stack: END_OF_FILE FUNCLIST_ CLOSE_CURLY_BRACE STATELIST_ SEMICOLON EXPRESSION_ OPTERM UNARYTERM CLOSE_PARENTHESIS NUMEXPRESSION OPEN_PARENTHESIS 
[2024-12-14 12:04:08] Buffer: IDENT:a
[2024-12-14 12:04:08] Stack: END_OF_FILE FUNCLIST_ CLOSE_CURLY_BRACE STATELIST_ SEMICOLON EXPRESSION_ OPTERM UNARYTERM CLOSE_PARENTHESIS NUMEXPRESSION 
[2024-12-14 12:04:08] Procurando produção para NUMEXPRESSION e IDENT
[2024-12-14 12:04:08] NUMEXPRESSION -> TERM OPTERM 
[2024-12-14 12:04:08] Buffer: IDENT:a
[2024-12-14 12:04:08] Stack: END_OF_FILE FUNCLIST_ CLOSE_CURLY_BRACE STATELIST_ SEMICOLON EXPRESSION_ OPTERM UNARYTERM CLOSE_PARENTHESIS OPTERM TERM 
[2024-12-14 12:04:08] Procurando produção para TERM e IDENT
[2024-12-14 12:04:08] TERM -> UNARYEXPR UNARYTERM 
[2024-12-14 12:04:08] Buffer: IDENT:a
[2024-12-14 12:04:08] Stack: END_OF_FILE FUNCLIST_ CLOSE_CURLY_BRACE STATELIST_ SEMICOLON EXPRESSION_ OPTERM UNARYTERM CLOSE_PARENTHESIS OPTERM UNARYTERM UNARYEXPR 
[2024-12-14 12:04:08] Procurando produção para UNARYEXPR e IDENT
[2024-12-14 12:04:08] UNARYEXPR -> FACTOR 
[2024-12-14 12:04:08] Buffer: IDENT:a
[2024-12-14 12:04:08] Stack: END_OF_FILE FUNCLIST_ CLOSE_CURLY_BRACE STATELIST_ SEMICOLON EXPRESSION_ OPTERM UNARYTERM CLOSE_PARENTHESIS OPTERM UNARYTERM FACTOR 
[2024-12-14 12:04:08] Procurando produção para FACTOR e IDENT
[2024-12-14 12:04:08] FACTOR -> LVALUE 
[2024-12-14 12:04:08] Buffer: IDENT:a
[2024-12-14 12:04:08] Stack: END_OF_FILE FUNCLIST_ CLOSE_CURLY_BRACE STATELIST_ SEMICOLON EXPRESSION_ OPTERM UNARYTERM CLOSE_PARENTHESIS OPTERM UNARYTERM LVALUE 
[2024-12-14 12:04:08] Procurando produção para LVALUE e IDENT
[2024-12-14 12:04:08] LVALUE -> IDENT NUMEXPRLIST 
[2024-12-14 12:04:08] Buffer: IDENT:a
[2024-12-14 12:04:08] Stack: END_OF_FILE FUNCLIST_ CLOSE_CURLY_BRACE STATELIST_ SEMICOLON EXPRESSION_ OPTERM UNARYTERM CLOSE_PARENTHESIS OPTERM UNARYTERM NUMEXPRLIST IDENT 
[2024-12-14 12:04:08] Buffer: HIGH_PRIORITY_OPERATOR:*
[2024-12-14 12:04:08] Stack: END_OF_FILE FUNCLIST_ CLOSE_CURLY_BRACE STATELIST_ SEMICOLON EXPRESSION_ OPTERM UNARYTERM CLOSE_PARENTHESIS OPTERM UNARYTERM NUMEXPRLIST 
[2024-12-14 12:04:08] Procurando produção para NUMEXPRLIST e HIGH_PRIORITY_OPERATOR
[2024-12-14 12:04:08] NUMEXPRLIST -> 
[2024-12-14 12:04:08] Buffer: HIGH_PRIORITY_OPERATOR:*
[2024-12-14 12:04:08] Stack: END_OF_FILE FUNCLIST_ CLOSE_CURLY_BRACE STATELIST_ SEMICOLON EXPRESSION_ OPTERM UNARYTERM CLOSE_PARENTHESIS OPTERM UNARYTERM 
[2024-12-14 12:04:08] Procurando produção para UNARYTERM e HIGH_PRIORITY_OPERATOR
[2024-12-14 12:04:08] UNARYTERM -> HIGH_PRIORITY_OPERATOR UNARYEXPR UNARYTERM 
[2024-12-14 12:04:08] Buffer: HIGH_PRIORITY_OPERATOR:*
[2024-12-14 12:04:08] Stack: END_OF_FILE FUNCLIST_ CLOSE_CURLY_BRACE STATELIST_ SEMICOLON EXPRESSION_ OPTERM UNARYTERM CLOSE_PARENTHESIS OPTERM UNARYTERM UNARYEXPR HIGH_PRIORITY_OPERATOR 
[2024-12-14 12:04:08] Buffer: IDENT:t
[2024-12-14 12:04:08] Stack: END_OF_FILE FUNCLIST_ CLOSE_CURLY_BRACE STATELIST_ SEMICOLON EXPRESSION_ OPTERM UNARYTERM CLOSE_PARENTHESIS OPTERM UNARYTERM UNARYEXPR 
[2024-12-14 12:04:08] Procurando produção para UNARYEXPR e IDENT
[2024-12-14 12:04:08] UNARYEXPR -> FACTOR 
[2024-12-14 12:04:08] Buffer: IDENT:t
[2024-12-14 12:04:08] Stack: END_OF_FILE FUNCLIST_ CLOSE_CURLY_BRACE STATELIST_ SEMICOLON EXPRESSION_ OPTERM UNARYTERM CLOSE_PARENTHESIS OPTERM UNARYTERM FACTOR 
[2024-12-14 12:04:08] Procurando produção para FACTOR e IDENT
[2024-12-14 12:04:08] FACTOR -> LVALUE 
[2024-12-14 12:04:08] Buffer: IDENT:t
[2024-12-14 12:04:08] Stack: END_OF_FILE FUNCLIST_ CLOSE_CURLY_BRACE STATELIST_ SEMICOLON EXPRESSION_ OPTERM UNARYTERM CLOSE_PARENTHESIS OPTERM UNARYTERM LVALUE 
[2024-12-14 12:04:08] Procurando produção para LVALUE e IDENT
[2024-12-14 12:04:08] LVALUE -> IDENT NUMEXPRLIST 
[2024-12-14 12:04:08] Buffer: IDENT:t
[2024-12-14 12:04:08] Stack: END_OF_FILE FUNCLIST_ CLOSE_CURLY_BRACE STATELIST_ SEMICOLON EXPRESSION_ OPTERM UNARYTERM CLOSE_PARENTHESIS OPTERM UNARYTERM NUMEXPRLIST IDENT 
[2024-12-14 12:04:08] Buffer: HIGH_PRIORITY_OPERATOR:*
[2024-12-14 12:04:08] Stack: END_OF_FILE FUNCLIST_ CLOSE_CURLY_BRACE STATELIST_ SEMICOLON EXPRESSION_ OPTERM UNARYTERM CLOSE_PARENTHESIS OPTERM UNARYTERM NUMEXPRLIST 
[2024-12-14 12:04:08] Procurando produção para NUMEXPRLIST e HIGH_PRIORITY_OPERATOR
[2024-12-14 12:04:08] NUMEXPRLIST -> 
[2024-12-14 12:04:08] Buffer: HIGH_PRIORITY_OPERATOR:*
[2024-12-14 12:04:08] Stack: END_OF_FILE FUNCLIST_ CLOSE_CURLY_BRACE STATELIST_ SEMICOLON EXPRESSION_ OPTERM UNARYTERM CLOSE_PARENTHESIS OPTERM UNARYTERM 
[2024-12-14 12:04:08] Procurando produção para UNARYTERM e HIGH_PRIORITY_OPERATOR
[2024-12-14 12:04:08] UNARYTERM -> HIGH_PRIORITY_OPERATOR UNARYEXPR UNARYTERM 
[2024-12-14 12:04:08] Buffer: HIGH_PRIORITY_OPERATOR:*
[2024-12-14 12:04:08] Stack: END_OF_FILE FUNCLIST_ CLOSE_CURLY_BRACE STATELIST_ SEMICOLON EXPRESSION_ OPTERM UNARYTERM CLOSE_PARENTHESIS OPTERM UNARYTERM UNARYEXPR HIGH_PRIORITY_OPERATOR 
[2024-12-14 12:04:08] Buffer: IDENT:t
[2024-12-14 12:04:08] Stack: END_OF_FILE FUNCLIST_ CLOSE_CURLY_BRACE STATELIST_ SEMICOLON EXPRESSION_ OPTERM UNARYTERM CLOSE_PARENTHESIS OPTERM UNARYTERM UNARYEXPR 
[2024-12-14 12:04:08] Procurando produção para UNARYEXPR e IDENT
[2024-12-14 12:04:08] UNARYEXPR -> FACTOR 
[2024-12-14 12:04:08] Buffer: IDENT:t
[2024-12-14 12:04:08] Stack: END_OF_FILE FUNCLIST_ CLOSE_CURLY_BRACE STATELIST_ SEMICOLON EXPRESSION_ OPTERM UNARYTERM CLOSE_PARENTHESIS OPTERM UNARYTERM FACTOR 
[2024-12-14 12:04:08] Procurando produção para FACTOR e IDENT
[2024-12-14 12:04:08] FACTOR -> LVALUE 
[2024-12-14 12:04:08] Buffer: IDENT:t
[2024-12-14 12:04:08] Stack: END_OF_FILE FUNCLIST_ CLOSE_CURLY_BRACE STATELIST_ SEMICOLON EXPRESSION_ OPTERM UNARYTERM CLOSE_PARENTHESIS OPTERM UNARYTERM LVALUE 
[2024-12-14 12:04:08] Procurando produção para LVALUE e IDENT
[2024-12-14 12:04:08] LVALUE -> IDENT NUMEXPRLIST 
[2024-12-14 12:04:08] Buffer: IDENT:t
[2024-12-14 12:04:08] Stack: END_OF_FILE FUNCLIST_ CLOSE_CURLY_BRACE STATELIST_ SEMICOLON EXPRESSION_ OPTERM UNARYTERM CLOSE_PARENTHESIS OPTERM UNARYTERM NUMEXPRLIST IDENT 
[2024-12-14 12:04:08] Buffer: CLOSE_PARENTHESIS:)
[2024-12-14 12:04:08] Stack: END_OF_FILE FUNCLIST_ CLOSE_CURLY_BRACE STATELIST_ SEMICOLON EXPRESSION_ OPTERM UNARYTERM CLOSE_PARENTHESIS OPTERM UNARYTERM NUMEXPRLIST 
[2024-12-14 12:04:08] Procurando produção para NUMEXPRLIST e CLOSE_PARENTHESIS
[2024-12-14 12:04:08] NUMEXPRLIST -> 
[2024-12-14 12:04:08] Buffer: CLOSE_PARENTHESIS:)
[2024-12-14 12:04:08] Stack: END_OF_FILE FUNCLIST_ CLOSE_CURLY_BRACE STATELIST_ SEMICOLON EXPRESSION_ OPTERM UNARYTERM CLOSE_PARENTHESIS OPTERM UNARYTERM 
[2024-12-14 12:04:08] Procurando produção para UNARYTERM e CLOSE_PARENTHESIS
[2024-12-14 12:04:08] UNARYTERM -> 
[2024-12-14 12:04:08] Buffer: CLOSE_PARENTHESIS:)
[2024-12-14 12:04:08] Stack: END_OF_FILE FUNCLIST_ CLOSE_CURLY_BRACE STATELIST_ SEMICOLON EXPRESSION_ OPTERM UNARYTERM CLOSE_PARENTHESIS OPTERM 
[2024-12-14 12:04:08] Procurando produção para OPTERM e CLOSE_PARENTHESIS
[2024-12-14 12:04:08] OPTERM -> 
[2024-12-14 12:04:08] Buffer: CLOSE_PARENTHESIS:)
[2024-12-14 12:04:08] Stack: END_OF_FILE FUNCLIST_ CLOSE_CURLY_BRACE STATELIST_ SEMICOLON EXPRESSION_ OPTERM UNARYTERM CLOSE_PARENTHESIS 
[2024-12-14 12:04:08] Buffer: HIGH_PRIORITY_OPERATOR:/
[2024-12-14 12:04:08] Stack: END_OF_FILE FUNCLIST_ CLOSE_CURLY_BRACE STATELIST_ SEMICOLON EXPRESSION_ OPTERM UNARYTERM 
[2024-12-14 12:04:08] Procurando produção para UNARYTERM e HIGH_PRIORITY_OPERATOR
[2024-12-14 12:04:08] UNARYTERM -> HIGH_PRIORITY_OPERATOR UNARYEXPR UNARYTERM 
[2024-12-14 12:04:08] Buffer: HIGH_PRIORITY_OPERATOR:/
[2024-12-14 12:04:08] Stack: END_OF_FILE FUNCLIST_ CLOSE_CURLY_BRACE STATELIST_ SEMICOLON EXPRESSION_ OPTERM UNARYTERM UNARYEXPR HIGH_PRIORITY_OPERATOR 
[2024-12-14 12:04:08] Buffer: INT_CONSTANT:2
[2024-12-14 12:04:08] Stack: END_OF_FILE FUNCLIST_ CLOSE_CURLY_BRACE STATELIST_ SEMICOLON EXPRESSION_ OPTERM UNARYTERM UNARYEXPR 
[2024-12-14 12:04:08] Procurando produção para UNARYEXPR e INT_CONSTANT
[2024-12-14 12:04:08] UNARYEXPR -> FACTOR 
[2024-12-14 12:04:08] Buffer: INT_CONSTANT:2
[2024-12-14 12:04:08] Stack: END_OF_FILE FUNCLIST_ CLOSE_CURLY_BRACE STATELIST_ SEMICOLON EXPRESSION_ OPTERM UNARYTERM FACTOR 
[2024-12-14 12:04:08] Procurando produção para FACTOR e INT_CONSTANT
[2024-12-14 12:04:08] FACTOR -> INT_CONSTANT 
[2024-12-14 12:04:08] Buffer: INT_CONSTANT:2
[2024-12-14 12:04:08] Stack: END_OF_FILE FUNCLIST_ CLOSE_CURLY_BRACE STATELIST_ SEMICOLON EXPRESSION_ OPTERM UNARYTERM INT_CONSTANT 
[2024-12-14 12:04:08] Buffer: SEMICOLON:;
[2024-12-14 12:04:08] Stack: END_OF_FILE FUNCLIST_ CLOSE_CURLY_BRACE STATELIST_ SEMICOLON EXPRESSION_ OPTERM UNARYTERM 
[2024-12-14 12:04:08] Procurando produção para UNARYTERM e SEMICOLON
[2024-12-14 12:04:08] UNARYTERM -> 
[2024-12-14 12:04:08] Buffer: SEMICOLON:;
[2024-12-14 12:04:08] Stack: END_OF_FILE FUNCLIST_ CLOSE_CURLY_BRACE STATELIST_ SEMICOLON EXPRESSION_ OPTERM 
[2024-12-14 12:04:08] Procurando produção para OPTERM e SEMICOLON
[2024-12-14 12:04:08] OPTERM -> 
[2024-12-14 12:04:08] Buffer: SEMICOLON:;
[2024-12-14 12:04:08] Stack: END_OF_FILE FUNCLIST_ CLOSE_CURLY_BRACE STATELIST_ SEMICOLON EXPRESSION_ 
[2024-12-14 12:04:08] Procurando produção para EXPRESSION_ e SEMICOLON
[2024-12-14 12:04:08] EXPRESSION_ -> 
[2024-12-14 12:04:08] Buffer: SEMICOLON:;
[2024-12-14 12:04:08] Stack: END_OF_FILE FUNCLIST_ CLOSE_CURLY_BRACE STATELIST_ SEMICOLON 
[2024-12-14 12:04:08] Buffer: RESERVED_WORD_PRINT:print
[2024-12-14 12:04:08] Stack: END_OF_FILE FUNCLIST_ CLOSE_CURLY_BRACE STATELIST_ 
[2024-12-14 12:04:08] Procurando produção para STATELIST_ e RESERVED_WORD_PRINT
[2024-12-14 12:04:08] STATELIST_ -> STATELIST 
[2024-12-14 12:04:08] Buffer: RESERVED_WORD_PRINT:print
[2024-12-14 12:04:08] Stack: END_OF_FILE FUNCLIST_ CLOSE_CURLY_BRACE STATELIST 
[2024-12-14 12:04:08] Procurando produção para STATELIST e RESERVED_WORD_PRINT
[2024-12-14 12:04:08] STATELIST -> STATEMENT STATELIST_ 
[2024-12-14 12:04:08] Buffer: RESERVED_WORD_PRINT:print
[2024-12-14 12:04:08] Stack: END_OF_FILE FUNCLIST_ CLOSE_CURLY_BRACE STATELIST_ STATEMENT 
[2024-12-14 12:04:08] Procurando produção para STATEMENT e RESERVED_WORD_PRINT
[2024-12-14 12:04:08] STATEMENT -> PRINTSTAT SEMICOLON 
[2024-12-14 12:04:08] Buffer: RESERVED_WORD_PRINT:print
[2024-12-14 12:04:08] Stack: END_OF_FILE FUNCLIST_ CLOSE_CURLY_BRACE STATELIST_ SEMICOLON PRINTSTAT 
[2024-12-14 12:04:08] Procurando produção para PRINTSTAT e RESERVED_WORD_PRINT
[2024-12-14 12:04:08] PRINTSTAT -> RESERVED_WORD_PRINT EXPRESSION 
[2024-12-14 12:04:08] Buffer: RESERVED_WORD_PRINT:print
[2024-12-14 12:04:08] Stack: END_OF_FILE FUNCLIST_ CLOSE_CURLY_BRACE STATELIST_ SEMICOLON EXPRESSION RESERVED_WORD_PRINT 
[2024-12-14 12:04:08] Buffer: IDENT:s
[2024-12-14 12:04:08] Stack: END_OF_FILE FUNCLIST_ CLOSE_CURLY_BRACE STATELIST_ SEMICOLON EXPRESSION 
[2024-12-14 12:04:08] Procurando produção para EXPRESSION e IDENT
[2024-12-14 12:04:08] EXPRESSION -> NUMEXPRESSION EXPRESSION_ 
[2024-12-14 12:04:08] Buffer: IDENT:s
[2024-12-14 12:04:08] Stack: END_OF_FILE FUNCLIST_ CLOSE_CURLY_BRACE STATELIST_ SEMICOLON EXPRESSION_ NUMEXPRESSION 
[2024-12-14 12:04:08] Procurando produção para NUMEXPRESSION e IDENT
[2024-12-14 12:04:08] NUMEXPRESSION -> TERM OPTERM 
[2024-12-14 12:04:08] Buffer: IDENT:s
[2024-12-14 12:04:08] Stack: END_OF_FILE FUNCLIST_ CLOSE_CURLY_BRACE STATELIST_ SEMICOLON EXPRESSION_ OPTERM TERM 
[2024-12-14 12:04:08] Procurando produção para TERM e IDENT
[2024-12-14 12:04:08] TERM -> UNARYEXPR UNARYTERM 
[2024-12-14 12:04:08] Buffer: IDENT:s
[2024-12-14 12:04:08] Stack: END_OF_FILE FUNCLIST_ CLOSE_CURLY_BRACE STATELIST_ SEMICOLON EXPRESSION_ OPTERM UNARYTERM UNARYEXPR 
[2024-12-14 12:04:08] Procurando produção para UNARYEXPR e IDENT
[2024-12-14 12:04:08] UNARYEXPR -> FACTOR 
[2024-12-14 12:04:08] Buffer: IDENT:s
[2024-12-14 12:04:08] Stack: END_OF_FILE FUNCLIST_ CLOSE_CURLY_BRACE STATELIST_ SEMICOLON EXPRESSION_ OPTERM UNARYTERM FACTOR 
[2024-12-14 12:04:08] Procurando produção para FACTOR e IDENT
[2024-12-14 12:04:08] FACTOR -> LVALUE 
[2024-12-14 12:04:08] Buffer: IDENT:s
[2024-12-14 12:04:08] Stack: END_OF_FILE FUNCLIST_ CLOSE_CURLY_BRACE STATELIST_ SEMICOLON EXPRESSION_ OPTERM UNARYTERM LVALUE 
[2024-12-14 12:04:08] Procurando produção para LVALUE e IDENT
[2024-12-14 12:04:08] LVALUE -> IDENT NUMEXPRLIST 
[2024-12-14 12:04:08] Buffer: IDENT:s
[2024-12-14 12:04:08] Stack: END_OF_FILE FUNCLIST_ CLOSE_CURLY_BRACE STATELIST_ SEMICOLON EXPRESSION_ OPTERM UNARYTERM NUMEXPRLIST IDENT 
[2024-12-14 12:04:08] Buffer: SEMICOLON:;
[2024-12-14 12:04:08] Stack: END_OF_FILE FUNCLIST_ CLOSE_CURLY_BRACE STATELIST_ SEMICOLON EXPRESSION_ OPTERM UNARYTERM NUMEXPRLIST 
[2024-12-14 12:04:08] Procurando produção para NUMEXPRLIST e SEMICOLON
[2024-12-14 12:04:08] NUMEXPRLIST -> 
[2024-12-14 12:04:08] Buffer: SEMICOLON:;
[2024-12-14 12:04:08] Stack: END_OF_FILE FUNCLIST_ CLOSE_CURLY_BRACE STATELIST_ SEMICOLON EXPRESSION_ OPTERM UNARYTERM 
[2024-12-14 12:04:08] Procurando produção para UNARYTERM e SEMICOLON
[2024-12-14 12:04:08] UNARYTERM -> 
[2024-12-14 12:04:08] Buffer: SEMICOLON:;
[2024-12-14 12:04:08] Stack: END_OF_FILE FUNCLIST_ CLOSE_CURLY_BRACE STATELIST_ SEMICOLON EXPRESSION_ OPTERM 
[2024-12-14 12:04:08] Procurando produção para OPTERM e SEMICOLON
[2024-12-14 12:04:08] OPTERM -> 
[2024-12-14 12:04:08] Buffer: SEMICOLON:;
[2024-12-14 12:04:08] Stack: END_OF_FILE FUNCLIST_ CLOSE_CURLY_BRACE STATELIST_ SEMICOLON EXPRESSION_ 
[2024-12-14 12:04:08] Procurando produção para EXPRESSION_ e SEMICOLON
[2024-12-14 12:04:08] EXPRESSION_ -> 
[2024-12-14 12:04:08] Buffer: SEMICOLON:;
[2024-12-14 12:04:08] Stack: END_OF_FILE FUNCLIST_ CLOSE_CURLY_BRACE STATELIST_ SEMICOLON 
[2024-12-14 12:04:08] Buffer: CLOSE_CURLY_BRACE:}
[2024-12-14 12:04:08] Stack: END_OF_FILE FUNCLIST_ CLOSE_CURLY_BRACE STATELIST_ 
[2024-12-14 12:04:08] Procurando produção para STATELIST_ e CLOSE_CURLY_BRACE
[2024-12-14 12:04:08] STATELIST_ -> 
[2024-12-14 12:04:08] Buffer: CLOSE_CURLY_BRACE:}
[2024-12-14 12:04:08] Stack: END_OF_FILE FUNCLIST_ CLOSE_CURLY_BRACE 
[2024-12-14 12:04:08] Buffer: RESERVED_WORD_DEF:def
[2024-12-14 12:04:08] Stack: END_OF_FILE FUNCLIST_ 
[2024-12-14 12:04:08] Procurando produção para FUNCLIST_ e RESERVED_WORD_DEF
[2024-12-14 12:04:08] FUNCLIST_ -> FUNCLIST 
[2024-12-14 12:04:08] Buffer: RESERVED_WORD_DEF:def
[2024-12-14 12:04:08] Stack: END_OF_FILE FUNCLIST 
[2024-12-14 12:04:08] Procurando produção para FUNCLIST e RESERVED_WORD_DEF
[2024-12-14 12:04:08] FUNCLIST -> FUNCDEF FUNCLIST_ 
[2024-12-14 12:04:08] Buffer: RESERVED_WORD_DEF:def
[2024-12-14 12:04:08] Stack: END_OF_FILE FUNCLIST_ FUNCDEF 
[2024-12-14 12:04:08] Procurando produção para FUNCDEF e RESERVED_WORD_DEF
[2024-12-14 12:04:08] FUNCDEF -> RESERVED_WORD_DEF IDENT OPEN_PARENTHESIS PARAMLIST CLOSE_PARENTHESIS OPEN_CURLY_BRACE STATELIST CLOSE_CURLY_BRACE 
[2024-12-14 12:04:08] Buffer: RESERVED_WORD_DEF:def
[2024-12-14 12:04:08] Stack: END_OF_FILE FUNCLIST_ CLOSE_CURLY_BRACE STATELIST OPEN_CURLY_BRACE CLOSE_PARENTHESIS PARAMLIST OPEN_PARENTHESIS IDENT RESERVED_WORD_DEF 
[2024-12-14 12:04:08] Buffer: IDENT:factorial
[2024-12-14 12:04:08] Stack: END_OF_FILE FUNCLIST_ CLOSE_CURLY_BRACE STATELIST OPEN_CURLY_BRACE CLOSE_PARENTHESIS PARAMLIST OPEN_PARENTHESIS IDENT 
[2024-12-14 12:04:08] Buffer: OPEN_PARENTHESIS:(
[2024-12-14 12:04:08] Stack: END_OF_FILE FUNCLIST_ CLOSE_CURLY_BRACE STATELIST OPEN_CURLY_BRACE CLOSE_PARENTHESIS PARAMLIST OPEN_PARENTHESIS 
[2024-12-14 12:04:08] Buffer: RESERVED_WORD_INT:int
[2024-12-14 12:04:08] Stack: END_OF_FILE FUNCLIST_ CLOSE_CURLY_BRACE STATELIST OPEN_CURLY_BRACE CLOSE_PARENTHESIS PARAMLIST 
[2024-12-14 12:04:08] Procurando produção para PARAMLIST e RESERVED_WORD_INT
[2024-12-14 12:04:08] PARAMLIST -> RESERVED_WORD_INT IDENT PARAMLIST_ 
[2024-12-14 12:04:08] Buffer: RESERVED_WORD_INT:int
[2024-12-14 12:04:08] Stack: END_OF_FILE FUNCLIST_ CLOSE_CURLY_BRACE STATELIST OPEN_CURLY_BRACE CLOSE_PARENTHESIS PARAMLIST_ IDENT RESERVED_WORD_INT 
[2024-12-14 12:04:08] Buffer: IDENT:n
[2024-12-14 12:04:08] Stack: END_OF_FILE FUNCLIST_ CLOSE_CURLY_BRACE STATELIST OPEN_CURLY_BRACE CLOSE_PARENTHESIS PARAMLIST_ IDENT 
[2024-12-14 12:04:08] Buffer: CLOSE_PARENTHESIS:)
[2024-12-14 12:04:08] Stack: END_OF_FILE FUNCLIST_ CLOSE_CURLY_BRACE STATELIST OPEN_CURLY_BRACE CLOSE_PARENTHESIS PARAMLIST_ 
[2024-12-14 12:04:08] Procurando produção para PARAMLIST_ e CLOSE_PARENTHESIS
[2024-12-14 12:04:08] PARAMLIST_ -> 
[2024-12-14 12:04:08] Buffer: CLOSE_PARENTHESIS:)
[2024-12-14 12:04:08] Stack: END_OF_FILE FUNCLIST_ CLOSE_CURLY_BRACE STATELIST OPEN_CURLY_BRACE CLOSE_PARENTHESIS 
[2024-12-14 12:04:08] Buffer: OPEN_CURLY_BRACE:{
[2024-12-14 12:04:08] Stack: END_OF_FILE FUNCLIST_ CLOSE_CURLY_BRACE STATELIST OPEN_CURLY_BRACE 
[2024-12-14 12:04:08] Buffer: IDENT:x0
[2024-12-14 12:04:08] Stack: END_OF_FILE FUNCLIST_ CLOSE_CURLY_BRACE STATELIST 
[2024-12-14 12:04:08] Procurando produção para STATELIST e IDENT
[2024-12-14 12:04:08] STATELIST -> STATEMENT STATELIST_ 
[2024-12-14 12:04:08] Buffer: IDENT:x0
[2024-12-14 12:04:08] Stack: END_OF_FILE FUNCLIST_ CLOSE_CURLY_BRACE STATELIST_ STATEMENT 
[2024-12-14 12:04:08] Procurando produção para STATEMENT e IDENT
[2024-12-14 12:04:08] STATEMENT -> ATRIBSTAT SEMICOLON 
[2024-12-14 12:04:08] Buffer: IDENT:x0
[2024-12-14 12:04:08] Stack: END_OF_FILE FUNCLIST_ CLOSE_CURLY_BRACE STATELIST_ SEMICOLON ATRIBSTAT 
[2024-12-14 12:04:08] Procurando produção para ATRIBSTAT e IDENT
[2024-12-14 12:04:08] ATRIBSTAT -> LVALUE ASSIGNMENT ATRIBSTAT_ 
[2024-12-14 12:04:08] Buffer: IDENT:x0
[2024-12-14 12:04:08] Stack: END_OF_FILE FUNCLIST_ CLOSE_CURLY_BRACE STATELIST_ SEMICOLON ATRIBSTAT_ ASSIGNMENT LVALUE 
[2024-12-14 12:04:08] Procurando produção para LVALUE e IDENT
[2024-12-14 12:04:08] LVALUE -> IDENT NUMEXPRLIST 
[2024-12-14 12:04:08] Buffer: IDENT:x0
[2024-12-14 12:04:08] Stack: END_OF_FILE FUNCLIST_ CLOSE_CURLY_BRACE STATELIST_ SEMICOLON ATRIBSTAT_ ASSIGNMENT NUMEXPRLIST IDENT 
[2024-12-14 12:04:08] Buffer: ASSIGNMENT:=
[2024-12-14 12:04:08] Stack: END_OF_FILE FUNCLIST_ CLOSE_CURLY_BRACE STATELIST_ SEMICOLON ATRIBSTAT_ ASSIGNMENT NUMEXPRLIST 
[2024-12-14 12:04:08] Procurando produção para NUMEXPRLIST e ASSIGNMENT
[2024-12-14 12:04:08] NUMEXPRLIST -> 
[2024-12-14 12:04:08] Buffer: ASSIGNMENT:=
[2024-12-14 12:04:08] Stack: END_OF_FILE FUNCLIST_ CLOSE_CURLY_BRACE STATELIST_ SEMICOLON ATRIBSTAT_ ASSIGNMENT 
[2024-12-14 12:04:08] Buffer: INT_CONSTANT:1
[2024-12-14 12:04:08] Stack: END_OF_FILE FUNCLIST_ CLOSE_CURLY_BRACE STATELIST_ SEMICOLON ATRIBSTAT_ 
[2024-12-14 12:04:08] Procurando produção para ATRIBSTAT_ e INT_CONSTANT
[2024-12-14 12:04:08] ATRIBSTAT_ -> EXPRESSION 
[2024-12-14 12:04:08] Buffer: INT_CONSTANT:1
[2024-12-14 12:04:08] Stack: END_OF_FILE FUNCLIST_ CLOSE_CURLY_BRACE STATELIST_ SEMICOLON EXPRESSION 
[2024-12-14 12:04:08] Procurando produção para EXPRESSION e INT_CONSTANT
[2024-12-14 12:04:08] EXPRESSION -> NUMEXPRESSION EXPRESSION_ 
[2024-12-14 12:04:08] Buffer: INT_CONSTANT:1
[2024-12-14 12:04:08] Stack: END_OF_FILE FUNCLIST_ CLOSE_CURLY_BRACE STATELIST_ SEMICOLON EXPRESSION_ NUMEXPRESSION 
[2024-12-14 12:04:08] Procurando produção para NUMEXPRESSION e INT_CONSTANT
[2024-12-14 12:04:08] NUMEXPRESSION -> TERM OPTERM 
[2024-12-14 12:04:08] Buffer: INT_CONSTANT:1
[2024-12-14 12:04:08] Stack: END_OF_FILE FUNCLIST_ CLOSE_CURLY_BRACE STATELIST_ SEMICOLON EXPRESSION_ OPTERM TERM 
[2024-12-14 12:04:08] Procurando produção para TERM e INT_CONSTANT
[2024-12-14 12:04:08] TERM -> UNARYEXPR UNARYTERM 
[2024-12-14 12:04:08] Buffer: INT_CONSTANT:1
[2024-12-14 12:04:08] Stack: END_OF_FILE FUNCLIST_ CLOSE_CURLY_BRACE STATELIST_ SEMICOLON EXPRESSION_ OPTERM UNARYTERM UNARYEXPR 
[2024-12-14 12:04:08] Procurando produção para UNARYEXPR e INT_CONSTANT
[2024-12-14 12:04:08] UNARYEXPR -> FACTOR 
[2024-12-14 12:04:08] Buffer: INT_CONSTANT:1
[2024-12-14 12:04:08] Stack: END_OF_FILE FUNCLIST_ CLOSE_CURLY_BRACE STATELIST_ SEMICOLON EXPRESSION_ OPTERM UNARYTERM FACTOR 
[2024-12-14 12:04:08] Procurando produção para FACTOR e INT_CONSTANT
[2024-12-14 12:04:08] FACTOR -> INT_CONSTANT 
[2024-12-14 12:04:08] Buffer: INT_CONSTANT:1
[2024-12-14 12:04:08] Stack: END_OF_FILE FUNCLIST_ CLOSE_CURLY_BRACE STATELIST_ SEMICOLON EXPRESSION_ OPTERM UNARYTERM INT_CONSTANT 
[2024-12-14 12:04:08] Buffer: SEMICOLON:;
[2024-12-14 12:04:08] Stack: END_OF_FILE FUNCLIST_ CLOSE_CURLY_BRACE STATELIST_ SEMICOLON EXPRESSION_ OPTERM UNARYTERM 
[2024-12-14 12:04:08] Procurando produção para UNARYTERM e SEMICOLON
[2024-12-14 12:04:08] UNARYTERM -> 
[2024-12-14 12:04:08] Buffer: SEMICOLON:;
[2024-12-14 12:04:08] Stack: END_OF_FILE FUNCLIST_ CLOSE_CURLY_BRACE STATELIST_ SEMICOLON EXPRESSION_ OPTERM 
[2024-12-14 12:04:08] Procurando produção para OPTERM e SEMICOLON
[2024-12-14 12:04:08] OPTERM -> 
[2024-12-14 12:04:08] Buffer: SEMICOLON:;
[2024-12-14 12:04:08] Stack: END_OF_FILE FUNCLIST_ CLOSE_CURLY_BRACE STATELIST_ SEMICOLON EXPRESSION_ 
[2024-12-14 12:04:08] Procurando produção para EXPRESSION_ e SEMICOLON
[2024-12-14 12:04:08] EXPRESSION_ -> 
[2024-12-14 12:04:08] Buffer: SEMICOLON:;
[2024-12-14 12:04:08] Stack: END_OF_FILE FUNCLIST_ CLOSE_CURLY_BRACE STATELIST_ SEMICOLON 
[2024-12-14 12:04:08] Buffer: RESERVED_WORD_FOR:for
[2024-12-14 12:04:08] Stack: END_OF_FILE FUNCLIST_ CLOSE_CURLY_BRACE STATELIST_ 
[2024-12-14 12:04:08] Procurando produção para STATELIST_ e RESERVED_WORD_FOR
[2024-12-14 12:04:08] STATELIST_ -> STATELIST 
[2024-12-14 12:04:08] Buffer: RESERVED_WORD_FOR:for
[2024-12-14 12:04:08] Stack: END_OF_FILE FUNCLIST_ CLOSE_CURLY_BRACE STATELIST 
[2024-12-14 12:04:08] Procurando produção para STATELIST e RESERVED_WORD_FOR
[2024-12-14 12:04:08] STATELIST -> STATEMENT STATELIST_ 
[2024-12-14 12:04:08] Buffer: RESERVED_WORD_FOR:for
[2024-12-14 12:04:08] Stack: END_OF_FILE FUNCLIST_ CLOSE_CURLY_BRACE STATELIST_ STATEMENT 
[2024-12-14 12:04:08] Procurando produção para STATEMENT e RESERVED_WORD_FOR
[2024-12-14 12:04:08] STATEMENT -> FORSTAT 
[2024-12-14 12:04:08] Buffer: RESERVED_WORD_FOR:for
[2024-12-14 12:04:08] Stack: END_OF_FILE FUNCLIST_ CLOSE_CURLY_BRACE STATELIST_ FORSTAT 
[2024-12-14 12:04:08] Procurando produção para FORSTAT e RESERVED_WORD_FOR
[2024-12-14 12:04:08] FORSTAT -> RESERVED_WORD_FOR OPEN_PARENTHESIS ATRIBSTAT SEMICOLON EXPRESSION SEMICOLON ATRIBSTAT CLOSE_PARENTHESIS STATEMENT 
[2024-12-14 12:04:08] Buffer: RESERVED_WORD_FOR:for
[2024-12-14 12:04:08] Stack: END_OF_FILE FUNCLIST_ CLOSE_CURLY_BRACE STATELIST_ STATEMENT CLOSE_PARENTHESIS ATRIBSTAT SEMICOLON EXPRESSION SEMICOLON ATRIBSTAT OPEN_PARENTHESIS RESERVED_WORD_FOR 
[2024-12-14 12:04:08] Buffer: OPEN_PARENTHESIS:(
[2024-12-14 12:04:08] Stack: END_OF_FILE FUNCLIST_ CLOSE_CURLY_BRACE STATELIST_ STATEMENT CLOSE_PARENTHESIS ATRIBSTAT SEMICOLON EXPRESSION SEMICOLON ATRIBSTAT OPEN_PARENTHESIS 
[2024-12-14 12:04:08] Buffer: IDENT:i
[2024-12-14 12:04:08] Stack: END_OF_FILE FUNCLIST_ CLOSE_CURLY_BRACE STATELIST_ STATEMENT CLOSE_PARENTHESIS ATRIBSTAT SEMICOLON EXPRESSION SEMICOLON ATRIBSTAT 
[2024-12-14 12:04:08] Procurando produção para ATRIBSTAT e IDENT
[2024-12-14 12:04:08] ATRIBSTAT -> LVALUE ASSIGNMENT ATRIBSTAT_ 
[2024-12-14 12:04:08] Buffer: IDENT:i
[2024-12-14 12:04:08] Stack: END_OF_FILE FUNCLIST_ CLOSE_CURLY_BRACE STATELIST_ STATEMENT CLOSE_PARENTHESIS ATRIBSTAT SEMICOLON EXPRESSION SEMICOLON ATRIBSTAT_ ASSIGNMENT LVALUE 
[2024-12-14 12:04:08] Procurando produção para LVALUE e IDENT
[2024-12-14 12:04:08] LVALUE -> IDENT NUMEXPRLIST 
[2024-12-14 12:04:08] Buffer: IDENT:i
[2024-12-14 12:04:08] Stack: END_OF_FILE FUNCLIST_ CLOSE_CURLY_BRACE STATELIST_ STATEMENT CLOSE_PARENTHESIS ATRIBSTAT SEMICOLON EXPRESSION SEMICOLON ATRIBSTAT_ ASSIGNMENT NUMEXPRLIST IDENT 
[2024-12-14 12:04:08] Buffer: ASSIGNMENT:=
[2024-12-14 12:04:08] Stack: END_OF_FILE FUNCLIST_ CLOSE_CURLY_BRACE STATELIST_ STATEMENT CLOSE_PARENTHESIS ATRIBSTAT SEMICOLON EXPRESSION SEMICOLON ATRIBSTAT_ ASSIGNMENT NUMEXPRLIST 
[2024-12-14 12:04:08] Procurando produção para NUMEXPRLIST e ASSIGNMENT
[2024-12-14 12:04:08] NUMEXPRLIST -> 
[2024-12-14 12:04:08] Buffer: ASSIGNMENT:=
[2024-12-14 12:04:08] Stack: END_OF_FILE FUNCLIST_ CLOSE_CURLY_BRACE STATELIST_ STATEMENT CLOSE_PARENTHESIS ATRIBSTAT SEMICOLON EXPRESSION SEMICOLON ATRIBSTAT_ ASSIGNMENT 
[2024-12-14 12:04:08] Buffer: INT_CONSTANT:1
[2024-12-14 12:04:08] Stack: END_OF_FILE FUNCLIST_ CLOSE_CURLY_BRACE STATELIST_ STATEMENT CLOSE_PARENTHESIS ATRIBSTAT SEMICOLON EXPRESSION SEMICOLON ATRIBSTAT_ 
[2024-12-14 12:04:08] Procurando produção para ATRIBSTAT_ e INT_CONSTANT
[2024-12-14 12:04:08] ATRIBSTAT_ -> EXPRESSION 
[2024-12-14 12:04:08] Buffer: INT_CONSTANT:1
[2024-12-14 12:04:08] Stack: END_OF_FILE FUNCLIST_ CLOSE_CURLY_BRACE STATELIST_ STATEMENT CLOSE_PARENTHESIS ATRIBSTAT SEMICOLON EXPRESSION SEMICOLON EXPRESSION 
[2024-12-14 12:04:08] Procurando produção para EXPRESSION e INT_CONSTANT
[2024-12-14 12:04:08] EXPRESSION -> NUMEXPRESSION EXPRESSION_ 
[2024-12-14 12:04:08] Buffer: INT_CONSTANT:1
[2024-12-14 12:04:08] Stack: END_OF_FILE FUNCLIST_ CLOSE_CURLY_BRACE STATELIST_ STATEMENT CLOSE_PARENTHESIS ATRIBSTAT SEMICOLON EXPRESSION SEMICOLON EXPRESSION_ NUMEXPRESSION 
[2024-12-14 12:04:08] Procurando produção para NUMEXPRESSION e INT_CONSTANT
[2024-12-14 12:04:08] NUMEXPRESSION -> TERM OPTERM 
[2024-12-14 12:04:08] Buffer: INT_CONSTANT:1
[2024-12-14 12:04:08] Stack: END_OF_FILE FUNCLIST_ CLOSE_CURLY_BRACE STATELIST_ STATEMENT CLOSE_PARENTHESIS ATRIBSTAT SEMICOLON EXPRESSION SEMICOLON EXPRESSION_ OPTERM TERM 
[2024-12-14 12:04:08] Procurando produção para TERM e INT_CONSTANT
[2024-12-14 12:04:08] TERM -> UNARYEXPR UNARYTERM 
[2024-12-14 12:04:08] Buffer: INT_CONSTANT:1
[2024-12-14 12:04:08] Stack: END_OF_FILE FUNCLIST_ CLOSE_CURLY_BRACE STATELIST_ STATEMENT CLOSE_PARENTHESIS ATRIBSTAT SEMICOLON EXPRESSION SEMICOLON EXPRESSION_ OPTERM UNARYTERM UNARYEXPR 
[2024-12-14 12:04:08] Procurando produção para UNARYEXPR e INT_CONSTANT
[2024-12-14 12:04:08] UNARYEXPR -> FACTOR 
[2024-12-14 12:04:08] Buffer: INT_CONSTANT:1
[2024-12-14 12:04:08] Stack: END_OF_FILE FUNCLIST_ CLOSE_CURLY_BRACE STATELIST_ STATEMENT CLOSE_PARENTHESIS ATRIBSTAT SEMICOLON EXPRESSION SEMICOLON EXPRESSION_ OPTERM UNARYTERM FACTOR 
[2024-12-14 12:04:08] Procurando produção para FACTOR e INT_CONSTANT
[2024-12-14 12:04:08] FACTOR -> INT_CONSTANT 
[2024-12-14 12:04:08] Buffer: INT_CONSTANT:1
[2024-12-14 12:04:08] Stack: END_OF_FILE FUNCLIST_ CLOSE_CURLY_BRACE STATELIST_ STATEMENT CLOSE_PARENTHESIS ATRIBSTAT SEMICOLON EXPRESSION SEMICOLON EXPRESSION_ OPTERM UNARYTERM INT_CONSTANT 
[2024-12-14 12:04:08] Buffer: SEMICOLON:;
[2024-12-14 12:04:08] Stack: END_OF_FILE FUNCLIST_ CLOSE_CURLY_BRACE STATELIST_ STATEMENT CLOSE_PARENTHESIS ATRIBSTAT SEMICOLON EXPRESSION SEMICOLON EXPRESSION_ OPTERM UNARYTERM 
[2024-12-14 12:04:08] Procurando produção para UNARYTERM e SEMICOLON
[2024-12-14 12:04:08] UNARYTERM -> 
[2024-12-14 12:04:08] Buffer: SEMICOLON:;
[2024-12-14 12:04:08] Stack: END_OF_FILE FUNCLIST_ CLOSE_CURLY_BRACE STATELIST_ STATEMENT CLOSE_PARENTHESIS ATRIBSTAT SEMICOLON EXPRESSION SEMICOLON EXPRESSION_ OPTERM 
[2024-12-14 12:04:08] Procurando produção para OPTERM e SEMICOLON
[2024-12-14 12:04:08] OPTERM -> 
[2024-12-14 12:04:08] Buffer: SEMICOLON:;
[2024-12-14 12:04:08] Stack: END_OF_FILE FUNCLIST_ CLOSE_CURLY_BRACE STATELIST_ STATEMENT CLOSE_PARENTHESIS ATRIBSTAT SEMICOLON EXPRESSION SEMICOLON EXPRESSION_ 
[2024-12-14 12:04:08] Procurando produção para EXPRESSION_ e SEMICOLON
[2024-12-14 12:04:08] EXPRESSION_ -> 
[2024-12-14 12:04:08] Buffer: SEMICOLON:;
[2024-12-14 12:04:08] Stack: END_OF_FILE FUNCLIST_ CLOSE_CURLY_BRACE STATELIST_ STATEMENT CLOSE_PARENTHESIS ATRIBSTAT SEMICOLON EXPRESSION SEMICOLON 
[2024-12-14 12:04:08] Buffer: IDENT:i
[2024-12-14 12:04:08] Stack: END_OF_FILE FUNCLIST_ CLOSE_CURLY_BRACE STATELIST_ STATEMENT CLOSE_PARENTHESIS ATRIBSTAT SEMICOLON EXPRESSION 
[2024-12-14 12:04:08] Procurando produção para EXPRESSION e IDENT
[2024-12-14 12:04:08] EXPRESSION -> NUMEXPRESSION EXPRESSION_ 
[2024-12-14 12:04:08] Buffer: IDENT:i
[2024-12-14 12:04:08] Stack: END_OF_FILE FUNCLIST_ CLOSE_CURLY_BRACE STATELIST_ STATEMENT CLOSE_PARENTHESIS ATRIBSTAT SEMICOLON EXPRESSION_ NUMEXPRESSION 
[2024-12-14 12:04:08] Procurando produção para NUMEXPRESSION e IDENT
[2024-12-14 12:04:08] NUMEXPRESSION -> TERM OPTERM 
[2024-12-14 12:04:08] Buffer: IDENT:i
[2024-12-14 12:04:08] Stack: END_OF_FILE FUNCLIST_ CLOSE_CURLY_BRACE STATELIST_ STATEMENT CLOSE_PARENTHESIS ATRIBSTAT SEMICOLON EXPRESSION_ OPTERM TERM 
[2024-12-14 12:04:08] Procurando produção para TERM e IDENT
[2024-12-14 12:04:08] TERM -> UNARYEXPR UNARYTERM 
[2024-12-14 12:04:08] Buffer: IDENT:i
[2024-12-14 12:04:08] Stack: END_OF_FILE FUNCLIST_ CLOSE_CURLY_BRACE STATELIST_ STATEMENT CLOSE_PARENTHESIS ATRIBSTAT SEMICOLON EXPRESSION_ OPTERM UNARYTERM UNARYEXPR 
[2024-12-14 12:04:08] Procurando produção para UNARYEXPR e IDENT
[2024-12-14 12:04:08] UNARYEXPR -> FACTOR 
[2024-12-14 12:04:08] Buffer: IDENT:i
[2024-12-14 12:04:08] Stack: END_OF_FILE FUNCLIST_ CLOSE_CURLY_BRACE STATELIST_ STATEMENT CLOSE_PARENTHESIS ATRIBSTAT SEMICOLON EXPRESSION_ OPTERM UNARYTERM FACTOR 
[2024-12-14 12:04:08] Procurando produção para FACTOR e IDENT
[2024-12-14 12:04:08] FACTOR -> LVALUE 
[2024-12-14 12:04:08] Buffer: IDENT:i
[2024-12-14 12:04:08] Stack: END_OF_FILE FUNCLIST_ CLOSE_CURLY_BRACE STATELIST_ STATEMENT CLOSE_PARENTHESIS ATRIBSTAT SEMICOLON EXPRESSION_ OPTERM UNARYTERM LVALUE 
[2024-12-14 12:04:08] Procurando produção para LVALUE e IDENT
[2024-12-14 12:04:08] LVALUE -> IDENT NUMEXPRLIST 
[2024-12-14 12:04:08] Buffer: IDENT:i
[2024-12-14 12:04:08] Stack: END_OF_FILE FUNCLIST_ CLOSE_CURLY_BRACE STATELIST_ STATEMENT CLOSE_PARENTHESIS ATRIBSTAT SEMICOLON EXPRESSION_ OPTERM UNARYTERM NUMEXPRLIST IDENT 
[2024-12-14 12:04:08] Buffer: COMPARATOR:<=
[2024-12-14 12:04:08] Stack: END_OF_FILE FUNCLIST_ CLOSE_CURLY_BRACE STATELIST_ STATEMENT CLOSE_PARENTHESIS ATRIBSTAT SEMICOLON EXPRESSION_ OPTERM UNARYTERM NUMEXPRLIST 
[2024-12-14 12:04:08] Procurando produção para NUMEXPRLIST e COMPARATOR
[2024-12-14 12:04:08] NUMEXPRLIST -> 
[2024-12-14 12:04:08] Buffer: COMPARATOR:<=
[2024-12-14 12:04:08] Stack: END_OF_FILE FUNCLIST_ CLOSE_CURLY_BRACE STATELIST_ STATEMENT CLOSE_PARENTHESIS ATRIBSTAT SEMICOLON EXPRESSION_ OPTERM UNARYTERM 
[2024-12-14 12:04:08] Procurando produção para UNARYTERM e COMPARATOR
[2024-12-14 12:04:08] UNARYTERM -> 
[2024-12-14 12:04:08] Buffer: COMPARATOR:<=
[2024-12-14 12:04:08] Stack: END_OF_FILE FUNCLIST_ CLOSE_CURLY_BRACE STATELIST_ STATEMENT CLOSE_PARENTHESIS ATRIBSTAT SEMICOLON EXPRESSION_ OPTERM 
[2024-12-14 12:04:08] Procurando produção para OPTERM e COMPARATOR
[2024-12-14 12:04:08] OPTERM -> 
[2024-12-14 12:04:08] Buffer: COMPARATOR:<=
[2024-12-14 12:04:08] Stack: END_OF_FILE FUNCLIST_ CLOSE_CURLY_BRACE STATELIST_ STATEMENT CLOSE_PARENTHESIS ATRIBSTAT SEMICOLON EXPRESSION_ 
[2024-12-14 12:04:08] Procurando produção para EXPRESSION_ e COMPARATOR
[2024-12-14 12:04:08] EXPRESSION_ -> COMPARATOR EXPRESSION__ NUMEXPRESSION 
[2024-12-14 12:04:08] Buffer: COMPARATOR:<=
[2024-12-14 12:04:08] Stack: END_OF_FILE FUNCLIST_ CLOSE_CURLY_BRACE STATELIST_ STATEMENT CLOSE_PARENTHESIS ATRIBSTAT SEMICOLON NUMEXPRESSION EXPRESSION__ COMPARATOR 
[2024-12-14 12:04:08] Buffer: IDENT:n
[2024-12-14 12:04:08] Stack: END_OF_FILE FUNCLIST_ CLOSE_CURLY_BRACE STATELIST_ STATEMENT CLOSE_PARENTHESIS ATRIBSTAT SEMICOLON NUMEXPRESSION EXPRESSION__ 
[2024-12-14 12:04:08] Procurando produção para EXPRESSION__ e IDENT
[2024-12-14 12:04:08] EXPRESSION__ -> 
[2024-12-14 12:04:08] Buffer: IDENT:n
[2024-12-14 12:04:08] Stack: END_OF_FILE FUNCLIST_ CLOSE_CURLY_BRACE STATELIST_ STATEMENT CLOSE_PARENTHESIS ATRIBSTAT SEMICOLON NUMEXPRESSION 
[2024-12-14 12:04:08] Procurando produção para NUMEXPRESSION e IDENT
[2024-12-14 12:04:08] NUMEXPRESSION -> TERM OPTERM 
[2024-12-14 12:04:08] Buffer: IDENT:n
[2024-12-14 12:04:08] Stack: END_OF_FILE FUNCLIST_ CLOSE_CURLY_BRACE STATELIST_ STATEMENT CLOSE_PARENTHESIS ATRIBSTAT SEMICOLON OPTERM TERM 
[2024-12-14 12:04:08] Procurando produção para TERM e IDENT
[2024-12-14 12:04:08] TERM -> UNARYEXPR UNARYTERM 
[2024-12-14 12:04:08] Buffer: IDENT:n
[2024-12-14 12:04:08] Stack: END_OF_FILE FUNCLIST_ CLOSE_CURLY_BRACE STATELIST_ STATEMENT CLOSE_PARENTHESIS ATRIBSTAT SEMICOLON OPTERM UNARYTERM UNARYEXPR 
[2024-12-14 12:04:08] Procurando produção para UNARYEXPR e IDENT
[2024-12-14 12:04:08] UNARYEXPR -> FACTOR 
[2024-12-14 12:04:08] Buffer: IDENT:n
[2024-12-14 12:04:08] Stack: END_OF_FILE FUNCLIST_ CLOSE_CURLY_BRACE STATELIST_ STATEMENT CLOSE_PARENTHESIS ATRIBSTAT SEMICOLON OPTERM UNARYTERM FACTOR 
[2024-12-14 12:04:08] Procurando produção para FACTOR e IDENT
[2024-12-14 12:04:08] FACTOR -> LVALUE 
[2024-12-14 12:04:08] Buffer: IDENT:n
[2024-12-14 12:04:08] Stack: END_OF_FILE FUNCLIST_ CLOSE_CURLY_BRACE STATELIST_ STATEMENT CLOSE_PARENTHESIS ATRIBSTAT SEMICOLON OPTERM UNARYTERM LVALUE 
[2024-12-14 12:04:08] Procurando produção para LVALUE e IDENT
[2024-12-14 12:04:08] LVALUE -> IDENT NUMEXPRLIST 
[2024-12-14 12:04:08] Buffer: IDENT:n
[2024-12-14 12:04:08] Stack: END_OF_FILE FUNCLIST_ CLOSE_CURLY_BRACE STATELIST_ STATEMENT CLOSE_PARENTHESIS ATRIBSTAT SEMICOLON OPTERM UNARYTERM NUMEXPRLIST IDENT 
[2024-12-14 12:04:08] Buffer: SEMICOLON:;
[2024-12-14 12:04:08] Stack: END_OF_FILE FUNCLIST_ CLOSE_CURLY_BRACE STATELIST_ STATEMENT CLOSE_PARENTHESIS ATRIBSTAT SEMICOLON OPTERM UNARYTERM NUMEXPRLIST 
[2024-12-14 12:04:08] Procurando produção para NUMEXPRLIST e SEMICOLON
[2024-12-14 12:04:08] NUMEXPRLIST -> 
[2024-12-14 12:04:08] Buffer: SEMICOLON:;
[2024-12-14 12:04:08] Stack: END_OF_FILE FUNCLIST_ CLOSE_CURLY_BRACE STATELIST_ STATEMENT CLOSE_PARENTHESIS ATRIBSTAT SEMICOLON OPTERM UNARYTERM 
[2024-12-14 12:04:08] Procurando produção para UNARYTERM e SEMICOLON
[2024-12-14 12:04:08] UNARYTERM -> 
[2024-12-14 12:04:08] Buffer: SEMICOLON:;
[2024-12-14 12:04:08] Stack: END_OF_FILE FUNCLIST_ CLOSE_CURLY_BRACE STATELIST_ STATEMENT CLOSE_PARENTHESIS ATRIBSTAT SEMICOLON OPTERM 
[2024-12-14 12:04:08] Procurando produção para OPTERM e SEMICOLON
[2024-12-14 12:04:08] OPTERM -> 
[2024-12-14 12:04:08] Buffer: SEMICOLON:;
[2024-12-14 12:04:08] Stack: END_OF_FILE FUNCLIST_ CLOSE_CURLY_BRACE STATELIST_ STATEMENT CLOSE_PARENTHESIS ATRIBSTAT SEMICOLON 
[2024-12-14 12:04:08] Buffer: IDENT:i
[2024-12-14 12:04:08] Stack: END_OF_FILE FUNCLIST_ CLOSE_CURLY_BRACE STATELIST_ STATEMENT CLOSE_PARENTHESIS ATRIBSTAT 
[2024-12-14 12:04:08] Procurando produção para ATRIBSTAT e IDENT
[2024-12-14 12:04:08] ATRIBSTAT -> LVALUE ASSIGNMENT ATRIBSTAT_ 
[2024-12-14 12:04:08] Buffer: IDENT:i
[2024-12-14 12:04:08] Stack: END_OF_FILE FUNCLIST_ CLOSE_CURLY_BRACE STATELIST_ STATEMENT CLOSE_PARENTHESIS ATRIBSTAT_ ASSIGNMENT LVALUE 
[2024-12-14 12:04:08] Procurando produção para LVALUE e IDENT
[2024-12-14 12:04:08] LVALUE -> IDENT NUMEXPRLIST 
[2024-12-14 12:04:08] Buffer: IDENT:i
[2024-12-14 12:04:08] Stack: END_OF_FILE FUNCLIST_ CLOSE_CURLY_BRACE STATELIST_ STATEMENT CLOSE_PARENTHESIS ATRIBSTAT_ ASSIGNMENT NUMEXPRLIST IDENT 
[2024-12-14 12:04:08] Buffer: ASSIGNMENT:=
[2024-12-14 12:04:08] Stack: END_OF_FILE FUNCLIST_ CLOSE_CURLY_BRACE STATELIST_ STATEMENT CLOSE_PARENTHESIS ATRIBSTAT_ ASSIGNMENT NUMEXPRLIST 
[2024-12-14 12:04:08] Procurando produção para NUMEXPRLIST e ASSIGNMENT
[2024-12-14 12:04:08] NUMEXPRLIST -> 
[2024-12-14 12:04:08] Buffer: ASSIGNMENT:=
[2024-12-14 12:04:08] Stack: END_OF_FILE FUNCLIST_ CLOSE_CURLY_BRACE STATELIST_ STATEMENT CLOSE_PARENTHESIS ATRIBSTAT_ ASSIGNMENT 
[2024-12-14 12:04:08] Buffer: IDENT:i
[2024-12-14 12:04:08] Stack: END_OF_FILE FUNCLIST_ CLOSE_CURLY_BRACE STATELIST_ STATEMENT CLOSE_PARENTHESIS ATRIBSTAT_ 
[2024-12-14 12:04:08] Procurando produção para ATRIBSTAT_ e IDENT
[2024-12-14 12:04:08] ATRIBSTAT_ -> EXPRESSION 
[2024-12-14 12:04:08] Buffer: IDENT:i
[2024-12-14 12:04:08] Stack: END_OF_FILE FUNCLIST_ CLOSE_CURLY_BRACE STATELIST_ STATEMENT CLOSE_PARENTHESIS EXPRESSION 
[2024-12-14 12:04:08] Procurando produção para EXPRESSION e IDENT
[2024-12-14 12:04:08] EXPRESSION -> NUMEXPRESSION EXPRESSION_ 
[2024-12-14 12:04:08] Buffer: IDENT:i
[2024-12-14 12:04:08] Stack: END_OF_FILE FUNCLIST_ CLOSE_CURLY_BRACE STATELIST_ STATEMENT CLOSE_PARENTHESIS EXPRESSION_ NUMEXPRESSION 
[2024-12-14 12:04:08] Procurando produção para NUMEXPRESSION e IDENT
[2024-12-14 12:04:08] NUMEXPRESSION -> TERM OPTERM 
[2024-12-14 12:04:08] Buffer: IDENT:i
[2024-12-14 12:04:08] Stack: END_OF_FILE FUNCLIST_ CLOSE_CURLY_BRACE STATELIST_ STATEMENT CLOSE_PARENTHESIS EXPRESSION_ OPTERM TERM 
[2024-12-14 12:04:08] Procurando produção para TERM e IDENT
[2024-12-14 12:04:08] TERM -> UNARYEXPR UNARYTERM 
[2024-12-14 12:04:08] Buffer: IDENT:i
[2024-12-14 12:04:08] Stack: END_OF_FILE FUNCLIST_ CLOSE_CURLY_BRACE STATELIST_ STATEMENT CLOSE_PARENTHESIS EXPRESSION_ OPTERM UNARYTERM UNARYEXPR 
[2024-12-14 12:04:08] Procurando produção para UNARYEXPR e IDENT
[2024-12-14 12:04:08] UNARYEXPR -> FACTOR 
[2024-12-14 12:04:08] Buffer: IDENT:i
[2024-12-14 12:04:08] Stack: END_OF_FILE FUNCLIST_ CLOSE_CURLY_BRACE STATELIST_ STATEMENT CLOSE_PARENTHESIS EXPRESSION_ OPTERM UNARYTERM FACTOR 
[2024-12-14 12:04:08] Procurando produção para FACTOR e IDENT
[2024-12-14 12:04:08] FACTOR -> LVALUE 
[2024-12-14 12:04:08] Buffer: IDENT:i
[2024-12-14 12:04:08] Stack: END_OF_FILE FUNCLIST_ CLOSE_CURLY_BRACE STATELIST_ STATEMENT CLOSE_PARENTHESIS EXPRESSION_ OPTERM UNARYTERM LVALUE 
[2024-12-14 12:04:08] Procurando produção para LVALUE e IDENT
[2024-12-14 12:04:08] LVALUE -> IDENT NUMEXPRLIST 
[2024-12-14 12:04:08] Buffer: IDENT:i
[2024-12-14 12:04:08] Stack: END_OF_FILE FUNCLIST_ CLOSE_CURLY_BRACE STATELIST_ STATEMENT CLOSE_PARENTHESIS EXPRESSION_ OPTERM UNARYTERM NUMEXPRLIST IDENT 
[2024-12-14 12:04:08] Buffer: LOW_PRIORITY_OPERATOR:+
[2024-12-14 12:04:08] Stack: END_OF_FILE FUNCLIST_ CLOSE_CURLY_BRACE STATELIST_ STATEMENT CLOSE_PARENTHESIS EXPRESSION_ OPTERM UNARYTERM NUMEXPRLIST 
[2024-12-14 12:04:08] Procurando produção para NUMEXPRLIST e LOW_PRIORITY_OPERATOR
[2024-12-14 12:04:08] NUMEXPRLIST -> 
[2024-12-14 12:04:08] Buffer: LOW_PRIORITY_OPERATOR:+
[2024-12-14 12:04:08] Stack: END_OF_FILE FUNCLIST_ CLOSE_CURLY_BRACE STATELIST_ STATEMENT CLOSE_PARENTHESIS EXPRESSION_ OPTERM UNARYTERM 
[2024-12-14 12:04:08] Procurando produção para UNARYTERM e LOW_PRIORITY_OPERATOR
[2024-12-14 12:04:08] UNARYTERM -> 
[2024-12-14 12:04:08] Buffer: LOW_PRIORITY_OPERATOR:+
[2024-12-14 12:04:08] Stack: END_OF_FILE FUNCLIST_ CLOSE_CURLY_BRACE STATELIST_ STATEMENT CLOSE_PARENTHESIS EXPRESSION_ OPTERM 
[2024-12-14 12:04:08] Procurando produção para OPTERM e LOW_PRIORITY_OPERATOR
[2024-12-14 12:04:08] OPTERM -> LOW_PRIORITY_OPERATOR TERM OPTERM 
[2024-12-14 12:04:08] Buffer: LOW_PRIORITY_OPERATOR:+
[2024-12-14 12:04:08] Stack: END_OF_FILE FUNCLIST_ CLOSE_CURLY_BRACE STATELIST_ STATEMENT CLOSE_PARENTHESIS EXPRESSION_ OPTERM TERM LOW_PRIORITY_OPERATOR 
[2024-12-14 12:04:08] Buffer: INT_CONSTANT:1
[2024-12-14 12:04:08] Stack: END_OF_FILE FUNCLIST_ CLOSE_CURLY_BRACE STATELIST_ STATEMENT CLOSE_PARENTHESIS EXPRESSION_ OPTERM TERM 
[2024-12-14 12:04:08] Procurando produção para TERM e INT_CONSTANT
[2024-12-14 12:04:08] TERM -> UNARYEXPR UNARYTERM 
[2024-12-14 12:04:08] Buffer: INT_CONSTANT:1
[2024-12-14 12:04:08] Stack: END_OF_FILE FUNCLIST_ CLOSE_CURLY_BRACE STATELIST_ STATEMENT CLOSE_PARENTHESIS EXPRESSION_ OPTERM UNARYTERM UNARYEXPR 
[2024-12-14 12:04:08] Procurando produção para UNARYEXPR e INT_CONSTANT
[2024-12-14 12:04:08] UNARYEXPR -> FACTOR 
[2024-12-14 12:04:08] Buffer: INT_CONSTANT:1
[2024-12-14 12:04:08] Stack: END_OF_FILE FUNCLIST_ CLOSE_CURLY_BRACE STATELIST_ STATEMENT CLOSE_PARENTHESIS EXPRESSION_ OPTERM UNARYTERM FACTOR 
[2024-12-14 12:04:08] Procurando produção para FACTOR e INT_CONSTANT
[2024-12-14 12:04:08] FACTOR -> INT_CONSTANT 
[2024-12-14 12:04:08] Buffer: INT_CONSTANT:1
[2024-12-14 12:04:08] Stack: END_OF_FILE FUNCLIST_ CLOSE_CURLY_BRACE STATELIST_ STATEMENT CLOSE_PARENTHESIS EXPRESSION_ OPTERM UNARYTERM INT_CONSTANT 
[2024-12-14 12:04:08] Buffer: CLOSE_PARENTHESIS:)
[2024-12-14 12:04:08] Stack: END_OF_FILE FUNCLIST_ CLOSE_CURLY_BRACE STATELIST_ STATEMENT CLOSE_PARENTHESIS EXPRESSION_ OPTERM UNARYTERM 
[2024-12-14 12:04:08] Procurando produção para UNARYTERM e CLOSE_PARENTHESIS
[2024-12-14 12:04:08] UNARYTERM -> 
[2024-12-14 12:04:08] Buffer: CLOSE_PARENTHESIS:)
[2024-12-14 12:04:08] Stack: END_OF_FILE FUNCLIST_ CLOSE_CURLY_BRACE STATELIST_ STATEMENT CLOSE_PARENTHESIS EXPRESSION_ OPTERM 
[2024-12-14 12:04:08] Procurando produção para OPTERM e CLOSE_PARENTHESIS
[2024-12-14 12:04:08] OPTERM -> 
[2024-12-14 12:04:08] Buffer: CLOSE_PARENTHESIS:)
[2024-12-14 12:04:08] Stack: END_OF_FILE FUNCLIST_ CLOSE_CURLY_BRACE STATELIST_ STATEMENT CLOSE_PARENTHESIS EXPRESSION_ 
[2024-12-14 12:04:08] Procurando produção para EXPRESSION_ e CLOSE_PARENTHESIS
[2024-12-14 12:04:08] EXPRESSION_ -> 
[2024-12-14 12:04:08] Buffer: CLOSE_PARENTHESIS:)
[2024-12-14 12:04:08] Stack: END_OF_FILE FUNCLIST_ CLOSE_CURLY_BRACE STATELIST_ STATEMENT CLOSE_PARENTHESIS 
[2024-12-14 12:04:08] Buffer: OPEN_CURLY_BRACE:{
[2024-12-14 12:04:08] Stack: END_OF_FILE FUNCLIST_ CLOSE_CURLY_BRACE STATELIST_ STATEMENT 
[2024-12-14 12:04:08] Procurando produção para STATEMENT e OPEN_CURLY_BRACE
[2024-12-14 12:04:08] STATEMENT -> OPEN_CURLY_BRACE STATELIST CLOSE_CURLY_BRACE 
[2024-12-14 12:04:08] Buffer: OPEN_CURLY_BRACE:{
[2024-12-14 12:04:08] Stack: END_OF_FILE FUNCLIST_ CLOSE_CURLY_BRACE STATELIST_ CLOSE_CURLY_BRACE STATELIST OPEN_CURLY_BRACE 
[2024-12-14 12:04:08] Buffer: IDENT:x0
[2024-12-14 12:04:08] Stack: END_OF_FILE FUNCLIST_ CLOSE_CURLY_BRACE STATELIST_ CLOSE_CURLY_BRACE STATELIST 
[2024-12-14 12:04:08] Procurando produção para STATELIST e IDENT
[2024-12-14 12:04:08] STATELIST -> STATEMENT STATELIST_ 
[2024-12-14 12:04:08] Buffer: IDENT:x0
[2024-12-14 12:04:08] Stack: END_OF_FILE FUNCLIST_ CLOSE_CURLY_BRACE STATELIST_ CLOSE_CURLY_BRACE STATELIST_ STATEMENT 
[2024-12-14 12:04:08] Procurando produção para STATEMENT e IDENT
[2024-12-14 12:04:08] STATEMENT -> ATRIBSTAT SEMICOLON 
[2024-12-14 12:04:08] Buffer: IDENT:x0
[2024-12-14 12:04:08] Stack: END_OF_FILE FUNCLIST_ CLOSE_CURLY_BRACE STATELIST_ CLOSE_CURLY_BRACE STATELIST_ SEMICOLON ATRIBSTAT 
[2024-12-14 12:04:08] Procurando produção para ATRIBSTAT e IDENT
[2024-12-14 12:04:08] ATRIBSTAT -> LVALUE ASSIGNMENT ATRIBSTAT_ 
[2024-12-14 12:04:08] Buffer: IDENT:x0
[2024-12-14 12:04:08] Stack: END_OF_FILE FUNCLIST_ CLOSE_CURLY_BRACE STATELIST_ CLOSE_CURLY_BRACE STATELIST_ SEMICOLON ATRIBSTAT_ ASSIGNMENT LVALUE 
[2024-12-14 12:04:08] Procurando produção para LVALUE e IDENT
[2024-12-14 12:04:08] LVALUE -> IDENT NUMEXPRLIST 
[2024-12-14 12:04:08] Buffer: IDENT:x0
[2024-12-14 12:04:08] Stack: END_OF_FILE FUNCLIST_ CLOSE_CURLY_BRACE STATELIST_ CLOSE_CURLY_BRACE STATELIST_ SEMICOLON ATRIBSTAT_ ASSIGNMENT NUMEXPRLIST IDENT 
[2024-12-14 12:04:08] Buffer: ASSIGNMENT:=
[2024-12-14 12:04:08] Stack: END_OF_FILE FUNCLIST_ CLOSE_CURLY_BRACE STATELIST_ CLOSE_CURLY_BRACE STATELIST_ SEMICOLON ATRIBSTAT_ ASSIGNMENT NUMEXPRLIST 
[2024-12-14 12:04:08] Procurando produção para NUMEXPRLIST e ASSIGNMENT
[2024-12-14 12:04:08] NUMEXPRLIST -> 
[2024-12-14 12:04:08] Buffer: ASSIGNMENT:=
[2024-12-14 12:04:08] Stack: END_OF_FILE FUNCLIST_ CLOSE_CURLY_BRACE STATELIST_ CLOSE_CURLY_BRACE STATELIST_ SEMICOLON ATRIBSTAT_ ASSIGNMENT 
[2024-12-14 12:04:08] Buffer: IDENT:x0
[2024-12-14 12:04:08] Stack: END_OF_FILE FUNCLIST_ CLOSE_CURLY_BRACE STATELIST_ CLOSE_CURLY_BRACE STATELIST_ SEMICOLON ATRIBSTAT_ 
[2024-12-14 12:04:08] Procurando produção para ATRIBSTAT_ e IDENT
[2024-12-14 12:04:08] ATRIBSTAT_ -> EXPRESSION 
[2024-12-14 12:04:08] Buffer: IDENT:x0
[2024-12-14 12:04:08] Stack: END_OF_FILE FUNCLIST_ CLOSE_CURLY_BRACE STATELIST_ CLOSE_CURLY_BRACE STATELIST_ SEMICOLON EXPRESSION 
[2024-12-14 12:04:08] Procurando produção para EXPRESSION e IDENT
[2024-12-14 12:04:08] EXPRESSION -> NUMEXPRESSION EXPRESSION_ 
[2024-12-14 12:04:08] Buffer: IDENT:x0
[2024-12-14 12:04:08] Stack: END_OF_FILE FUNCLIST_ CLOSE_CURLY_BRACE STATELIST_ CLOSE_CURLY_BRACE STATELIST_ SEMICOLON EXPRESSION_ NUMEXPRESSION 
[2024-12-14 12:04:08] Procurando produção para NUMEXPRESSION e IDENT
[2024-12-14 12:04:08] NUMEXPRESSION -> TERM OPTERM 
[2024-12-14 12:04:08] Buffer: IDENT:x0
[2024-12-14 12:04:08] Stack: END_OF_FILE FUNCLIST_ CLOSE_CURLY_BRACE STATELIST_ CLOSE_CURLY_BRACE STATELIST_ SEMICOLON EXPRESSION_ OPTERM TERM 
[2024-12-14 12:04:08] Procurando produção para TERM e IDENT
[2024-12-14 12:04:08] TERM -> UNARYEXPR UNARYTERM 
[2024-12-14 12:04:08] Buffer: IDENT:x0
[2024-12-14 12:04:08] Stack: END_OF_FILE FUNCLIST_ CLOSE_CURLY_BRACE STATELIST_ CLOSE_CURLY_BRACE STATELIST_ SEMICOLON EXPRESSION_ OPTERM UNARYTERM UNARYEXPR 
[2024-12-14 12:04:08] Procurando produção para UNARYEXPR e IDENT
[2024-12-14 12:04:08] UNARYEXPR -> FACTOR 
[2024-12-14 12:04:08] Buffer: IDENT:x0
[2024-12-14 12:04:08] Stack: END_OF_FILE FUNCLIST_ CLOSE_CURLY_BRACE STATELIST_ CLOSE_CURLY_BRACE STATELIST_ SEMICOLON EXPRESSION_ OPTERM UNARYTERM FACTOR 
[2024-12-14 12:04:08] Procurando produção para FACTOR e IDENT
[2024-12-14 12:04:08] FACTOR -> LVALUE 
[2024-12-14 12:04:08] Buffer: IDENT:x0
[2024-12-14 12:04:08] Stack: END_OF_FILE FUNCLIST_ CLOSE_CURLY_BRACE STATELIST_ CLOSE_CURLY_BRACE STATELIST_ SEMICOLON EXPRESSION_ OPTERM UNARYTERM LVALUE 
[2024-12-14 12:04:08] Procurando produção para LVALUE e IDENT
[2024-12-14 12:04:08] LVALUE -> IDENT NUMEXPRLIST 
[2024-12-14 12:04:08] Buffer: IDENT:x0
[2024-12-14 12:04:08] Stack: END_OF_FILE FUNCLIST_ CLOSE_CURLY_BRACE STATELIST_ CLOSE_CURLY_BRACE STATELIST_ SEMICOLON EXPRESSION_ OPTERM UNARYTERM NUMEXPRLIST IDENT 
[2024-12-14 12:04:08] Buffer: HIGH_PRIORITY_OPERATOR:*
[2024-12-14 12:04:08] Stack: END_OF_FILE FUNCLIST_ CLOSE_CURLY_BRACE STATELIST_ CLOSE_CURLY_BRACE STATELIST_ SEMICOLON EXPRESSION_ OPTERM UNARYTERM NUMEXPRLIST 
[2024-12-14 12:04:08] Procurando produção para NUMEXPRLIST e HIGH_PRIORITY_OPERATOR
[2024-12-14 12:04:08] NUMEXPRLIST -> 
[2024-12-14 12:04:08] Buffer: HIGH_PRIORITY_OPERATOR:*
[2024-12-14 12:04:08] Stack: END_OF_FILE FUNCLIST_ CLOSE_CURLY_BRACE STATELIST_ CLOSE_CURLY_BRACE STATELIST_ SEMICOLON EXPRESSION_ OPTERM UNARYTERM 
[2024-12-14 12:04:08] Procurando produção para UNARYTERM e HIGH_PRIORITY_OPERATOR
[2024-12-14 12:04:08] UNARYTERM -> HIGH_PRIORITY_OPERATOR UNARYEXPR UNARYTERM 
[2024-12-14 12:04:08] Buffer: HIGH_PRIORITY_OPERATOR:*
[2024-12-14 12:04:08] Stack: END_OF_FILE FUNCLIST_ CLOSE_CURLY_BRACE STATELIST_ CLOSE_CURLY_BRACE STATELIST_ SEMICOLON EXPRESSION_ OPTERM UNARYTERM UNARYEXPR HIGH_PRIORITY_OPERATOR 
[2024-12-14 12:04:08] Buffer: IDENT:i
[2024-12-14 12:04:08] Stack: END_OF_FILE FUNCLIST_ CLOSE_CURLY_BRACE STATELIST_ CLOSE_CURLY_BRACE STATELIST_ SEMICOLON EXPRESSION_ OPTERM UNARYTERM UNARYEXPR 
[2024-12-14 12:04:08] Procurando produção para UNARYEXPR e IDENT
[2024-12-14 12:04:08] UNARYEXPR -> FACTOR 
[2024-12-14 12:04:08] Buffer: IDENT:i
[2024-12-14 12:04:08] Stack: END_OF_FILE FUNCLIST_ CLOSE_CURLY_BRACE STATELIST_ CLOSE_CURLY_BRACE STATELIST_ SEMICOLON EXPRESSION_ OPTERM UNARYTERM FACTOR 
[2024-12-14 12:04:08] Procurando produção para FACTOR e IDENT
[2024-12-14 12:04:08] FACTOR -> LVALUE 
[2024-12-14 12:04:08] Buffer: IDENT:i
[2024-12-14 12:04:08] Stack: END_OF_FILE FUNCLIST_ CLOSE_CURLY_BRACE STATELIST_ CLOSE_CURLY_BRACE STATELIST_ SEMICOLON EXPRESSION_ OPTERM UNARYTERM LVALUE 
[2024-12-14 12:04:08] Procurando produção para LVALUE e IDENT
[2024-12-14 12:04:08] LVALUE -> IDENT NUMEXPRLIST 
[2024-12-14 12:04:08] Buffer: IDENT:i
[2024-12-14 12:04:08] Stack: END_OF_FILE FUNCLIST_ CLOSE_CURLY_BRACE STATELIST_ CLOSE_CURLY_BRACE STATELIST_ SEMICOLON EXPRESSION_ OPTERM UNARYTERM NUMEXPRLIST IDENT 
[2024-12-14 12:04:08] Buffer: SEMICOLON:;
[2024-12-14 12:04:08] Stack: END_OF_FILE FUNCLIST_ CLOSE_CURLY_BRACE STATELIST_ CLOSE_CURLY_BRACE STATELIST_ SEMICOLON EXPRESSION_ OPTERM UNARYTERM NUMEXPRLIST 
[2024-12-14 12:04:08] Procurando produção para NUMEXPRLIST e SEMICOLON
[2024-12-14 12:04:08] NUMEXPRLIST -> 
[2024-12-14 12:04:08] Buffer: SEMICOLON:;
[2024-12-14 12:04:08] Stack: END_OF_FILE FUNCLIST_ CLOSE_CURLY_BRACE STATELIST_ CLOSE_CURLY_BRACE STATELIST_ SEMICOLON EXPRESSION_ OPTERM UNARYTERM 
[2024-12-14 12:04:08] Procurando produção para UNARYTERM e SEMICOLON
[2024-12-14 12:04:08] UNARYTERM -> 
[2024-12-14 12:04:08] Buffer: SEMICOLON:;
[2024-12-14 12:04:08] Stack: END_OF_FILE FUNCLIST_ CLOSE_CURLY_BRACE STATELIST_ CLOSE_CURLY_BRACE STATELIST_ SEMICOLON EXPRESSION_ OPTERM 
[2024-12-14 12:04:08] Procurando produção para OPTERM e SEMICOLON
[2024-12-14 12:04:08] OPTERM -> 
[2024-12-14 12:04:08] Buffer: SEMICOLON:;
[2024-12-14 12:04:08] Stack: END_OF_FILE FUNCLIST_ CLOSE_CURLY_BRACE STATELIST_ CLOSE_CURLY_BRACE STATELIST_ SEMICOLON EXPRESSION_ 
[2024-12-14 12:04:08] Procurando produção para EXPRESSION_ e SEMICOLON
[2024-12-14 12:04:08] EXPRESSION_ -> 
[2024-12-14 12:04:08] Buffer: SEMICOLON:;
[2024-12-14 12:04:08] Stack: END_OF_FILE FUNCLIST_ CLOSE_CURLY_BRACE STATELIST_ CLOSE_CURLY_BRACE STATELIST_ SEMICOLON 
[2024-12-14 12:04:08] Buffer: CLOSE_CURLY_BRACE:}
[2024-12-14 12:04:08] Stack: END_OF_FILE FUNCLIST_ CLOSE_CURLY_BRACE STATELIST_ CLOSE_CURLY_BRACE STATELIST_ 
[2024-12-14 12:04:08] Procurando produção para STATELIST_ e CLOSE_CURLY_BRACE
[2024-12-14 12:04:08] STATELIST_ -> 
[2024-12-14 12:04:08] Buffer: CLOSE_CURLY_BRACE:}
[2024-12-14 12:04:08] Stack: END_OF_FILE FUNCLIST_ CLOSE_CURLY_BRACE STATELIST_ CLOSE_CURLY_BRACE 
[2024-12-14 12:04:08] Buffer: RESERVED_WORD_PRINT:print
[2024-12-14 12:04:08] Stack: END_OF_FILE FUNCLIST_ CLOSE_CURLY_BRACE STATELIST_ 
[2024-12-14 12:04:08] Procurando produção para STATELIST_ e RESERVED_WORD_PRINT
[2024-12-14 12:04:08] STATELIST_ -> STATELIST 
[2024-12-14 12:04:08] Buffer: RESERVED_WORD_PRINT:print
[2024-12-14 12:04:08] Stack: END_OF_FILE FUNCLIST_ CLOSE_CURLY_BRACE STATELIST 
[2024-12-14 12:04:08] Procurando produção para STATELIST e RESERVED_WORD_PRINT
[2024-12-14 12:04:08] STATELIST -> STATEMENT STATELIST_ 
[2024-12-14 12:04:08] Buffer: RESERVED_WORD_PRINT:print
[2024-12-14 12:04:08] Stack: END_OF_FILE FUNCLIST_ CLOSE_CURLY_BRACE STATELIST_ STATEMENT 
[2024-12-14 12:04:08] Procurando produção para STATEMENT e RESERVED_WORD_PRINT
[2024-12-14 12:04:08] STATEMENT -> PRINTSTAT SEMICOLON 
[2024-12-14 12:04:08] Buffer: RESERVED_WORD_PRINT:print
[2024-12-14 12:04:08] Stack: END_OF_FILE FUNCLIST_ CLOSE_CURLY_BRACE STATELIST_ SEMICOLON PRINTSTAT 
[2024-12-14 12:04:08] Procurando produção para PRINTSTAT e RESERVED_WORD_PRINT
[2024-12-14 12:04:08] PRINTSTAT -> RESERVED_WORD_PRINT EXPRESSION 
[2024-12-14 12:04:08] Buffer: RESERVED_WORD_PRINT:print
[2024-12-14 12:04:08] Stack: END_OF_FILE FUNCLIST_ CLOSE_CURLY_BRACE STATELIST_ SEMICOLON EXPRESSION RESERVED_WORD_PRINT 
[2024-12-14 12:04:08] Buffer: IDENT:x0
[2024-12-14 12:04:08] Stack: END_OF_FILE FUNCLIST_ CLOSE_CURLY_BRACE STATELIST_ SEMICOLON EXPRESSION 
[2024-12-14 12:04:08] Procurando produção para EXPRESSION e IDENT
[2024-12-14 12:04:08] EXPRESSION -> NUMEXPRESSION EXPRESSION_ 
[2024-12-14 12:04:08] Buffer: IDENT:x0
[2024-12-14 12:04:08] Stack: END_OF_FILE FUNCLIST_ CLOSE_CURLY_BRACE STATELIST_ SEMICOLON EXPRESSION_ NUMEXPRESSION 
[2024-12-14 12:04:08] Procurando produção para NUMEXPRESSION e IDENT
[2024-12-14 12:04:08] NUMEXPRESSION -> TERM OPTERM 
[2024-12-14 12:04:08] Buffer: IDENT:x0
[2024-12-14 12:04:08] Stack: END_OF_FILE FUNCLIST_ CLOSE_CURLY_BRACE STATELIST_ SEMICOLON EXPRESSION_ OPTERM TERM 
[2024-12-14 12:04:08] Procurando produção para TERM e IDENT
[2024-12-14 12:04:08] TERM -> UNARYEXPR UNARYTERM 
[2024-12-14 12:04:08] Buffer: IDENT:x0
[2024-12-14 12:04:08] Stack: END_OF_FILE FUNCLIST_ CLOSE_CURLY_BRACE STATELIST_ SEMICOLON EXPRESSION_ OPTERM UNARYTERM UNARYEXPR 
[2024-12-14 12:04:08] Procurando produção para UNARYEXPR e IDENT
[2024-12-14 12:04:08] UNARYEXPR -> FACTOR 
[2024-12-14 12:04:08] Buffer: IDENT:x0
[2024-12-14 12:04:08] Stack: END_OF_FILE FUNCLIST_ CLOSE_CURLY_BRACE STATELIST_ SEMICOLON EXPRESSION_ OPTERM UNARYTERM FACTOR 
[2024-12-14 12:04:08] Procurando produção para FACTOR e IDENT
[2024-12-14 12:04:08] FACTOR -> LVALUE 
[2024-12-14 12:04:08] Buffer: IDENT:x0
[2024-12-14 12:04:08] Stack: END_OF_FILE FUNCLIST_ CLOSE_CURLY_BRACE STATELIST_ SEMICOLON EXPRESSION_ OPTERM UNARYTERM LVALUE 
[2024-12-14 12:04:08] Procurando produção para LVALUE e IDENT
[2024-12-14 12:04:08] LVALUE -> IDENT NUMEXPRLIST 
[2024-12-14 12:04:08] Buffer: IDENT:x0
[2024-12-14 12:04:08] Stack: END_OF_FILE FUNCLIST_ CLOSE_CURLY_BRACE STATELIST_ SEMICOLON EXPRESSION_ OPTERM UNARYTERM NUMEXPRLIST IDENT 
[2024-12-14 12:04:08] Buffer: SEMICOLON:;
[2024-12-14 12:04:08] Stack: END_OF_FILE FUNCLIST_ CLOSE_CURLY_BRACE STATELIST_ SEMICOLON EXPRESSION_ OPTERM UNARYTERM NUMEXPRLIST 
[2024-12-14 12:04:08] Procurando produção para NUMEXPRLIST e SEMICOLON
[2024-12-14 12:04:08] NUMEXPRLIST -> 
[2024-12-14 12:04:08] Buffer: SEMICOLON:;
[2024-12-14 12:04:08] Stack: END_OF_FILE FUNCLIST_ CLOSE_CURLY_BRACE STATELIST_ SEMICOLON EXPRESSION_ OPTERM UNARYTERM 
[2024-12-14 12:04:08] Procurando produção para UNARYTERM e SEMICOLON
[2024-12-14 12:04:08] UNARYTERM -> 
[2024-12-14 12:04:08] Buffer: SEMICOLON:;
[2024-12-14 12:04:08] Stack: END_OF_FILE FUNCLIST_ CLOSE_CURLY_BRACE STATELIST_ SEMICOLON EXPRESSION_ OPTERM 
[2024-12-14 12:04:08] Procurando produção para OPTERM e SEMICOLON
[2024-12-14 12:04:08] OPTERM -> 
[2024-12-14 12:04:08] Buffer: SEMICOLON:;
[2024-12-14 12:04:08] Stack: END_OF_FILE FUNCLIST_ CLOSE_CURLY_BRACE STATELIST_ SEMICOLON EXPRESSION_ 
[2024-12-14 12:04:08] Procurando produção para EXPRESSION_ e SEMICOLON
[2024-12-14 12:04:08] EXPRESSION_ -> 
[2024-12-14 12:04:08] Buffer: SEMICOLON:;
[2024-12-14 12:04:08] Stack: END_OF_FILE FUNCLIST_ CLOSE_CURLY_BRACE STATELIST_ SEMICOLON 
[2024-12-14 12:04:08] Buffer: CLOSE_CURLY_BRACE:}
[2024-12-14 12:04:08] Stack: END_OF_FILE FUNCLIST_ CLOSE_CURLY_BRACE STATELIST_ 
[2024-12-14 12:04:08] Procurando produção para STATELIST_ e CLOSE_CURLY_BRACE
[2024-12-14 12:04:08] STATELIST_ -> 
[2024-12-14 12:04:08] Buffer: CLOSE_CURLY_BRACE:}
[2024-12-14 12:04:08] Stack: END_OF_FILE FUNCLIST_ CLOSE_CURLY_BRACE 
[2024-12-14 12:04:08] Buffer: RESERVED_WORD_DEF:def
[2024-12-14 12:04:08] Stack: END_OF_FILE FUNCLIST_ 
[2024-12-14 12:04:08] Procurando produção para FUNCLIST_ e RESERVED_WORD_DEF
[2024-12-14 12:04:08] FUNCLIST_ -> FUNCLIST 
[2024-12-14 12:04:08] Buffer: RESERVED_WORD_DEF:def
[2024-12-14 12:04:08] Stack: END_OF_FILE FUNCLIST 
[2024-12-14 12:04:08] Procurando produção para FUNCLIST e RESERVED_WORD_DEF
[2024-12-14 12:04:08] FUNCLIST -> FUNCDEF FUNCLIST_ 
[2024-12-14 12:04:08] Buffer: RESERVED_WORD_DEF:def
[2024-12-14 12:04:08] Stack: END_OF_FILE FUNCLIST_ FUNCDEF 
[2024-12-14 12:04:08] Procurando produção para FUNCDEF e RESERVED_WORD_DEF
[2024-12-14 12:04:08] FUNCDEF -> RESERVED_WORD_DEF IDENT OPEN_PARENTHESIS PARAMLIST CLOSE_PARENTHESIS OPEN_CURLY_BRACE STATELIST CLOSE_CURLY_BRACE 
[2024-12-14 12:04:08] Buffer: RESERVED_WORD_DEF:def
[2024-12-14 12:04:08] Stack: END_OF_FILE FUNCLIST_ CLOSE_CURLY_BRACE STATELIST OPEN_CURLY_BRACE CLOSE_PARENTHESIS PARAMLIST OPEN_PARENTHESIS IDENT RESERVED_WORD_DEF 
[2024-12-14 12:04:08] Buffer: IDENT:greater_then
[2024-12-14 12:04:08] Stack: END_OF_FILE FUNCLIST_ CLOSE_CURLY_BRACE STATELIST OPEN_CURLY_BRACE CLOSE_PARENTHESIS PARAMLIST OPEN_PARENTHESIS IDENT 
[2024-12-14 12:04:08] Buffer: OPEN_PARENTHESIS:(
[2024-12-14 12:04:08] Stack: END_OF_FILE FUNCLIST_ CLOSE_CURLY_BRACE STATELIST OPEN_CURLY_BRACE CLOSE_PARENTHESIS PARAMLIST OPEN_PARENTHESIS 
[2024-12-14 12:04:08] Buffer: RESERVED_WORD_FLOAT:float
[2024-12-14 12:04:08] Stack: END_OF_FILE FUNCLIST_ CLOSE_CURLY_BRACE STATELIST OPEN_CURLY_BRACE CLOSE_PARENTHESIS PARAMLIST 
[2024-12-14 12:04:08] Procurando produção para PARAMLIST e RESERVED_WORD_FLOAT
[2024-12-14 12:04:08] PARAMLIST -> RESERVED_WORD_FLOAT IDENT PARAMLIST_ 
[2024-12-14 12:04:08] Buffer: RESERVED_WORD_FLOAT:float
[2024-12-14 12:04:08] Stack: END_OF_FILE FUNCLIST_ CLOSE_CURLY_BRACE STATELIST OPEN_CURLY_BRACE CLOSE_PARENTHESIS PARAMLIST_ IDENT RESERVED_WORD_FLOAT 
[2024-12-14 12:04:08] Buffer: IDENT:a
[2024-12-14 12:04:08] Stack: END_OF_FILE FUNCLIST_ CLOSE_CURLY_BRACE STATELIST OPEN_CURLY_BRACE CLOSE_PARENTHESIS PARAMLIST_ IDENT 
[2024-12-14 12:04:08] Buffer: COMMA:,
[2024-12-14 12:04:08] Stack: END_OF_FILE FUNCLIST_ CLOSE_CURLY_BRACE STATELIST OPEN_CURLY_BRACE CLOSE_PARENTHESIS PARAMLIST_ 
[2024-12-14 12:04:08] Procurando produção para PARAMLIST_ e COMMA
[2024-12-14 12:04:08] PARAMLIST_ -> COMMA PARAMLIST 
[2024-12-14 12:04:08] Buffer: COMMA:,
[2024-12-14 12:04:08] Stack: END_OF_FILE FUNCLIST_ CLOSE_CURLY_BRACE STATELIST OPEN_CURLY_BRACE CLOSE_PARENTHESIS PARAMLIST COMMA 
[2024-12-14 12:04:08] Buffer: RESERVED_WORD_FLOAT:float
[2024-12-14 12:04:08] Stack: END_OF_FILE FUNCLIST_ CLOSE_CURLY_BRACE STATELIST OPEN_CURLY_BRACE CLOSE_PARENTHESIS PARAMLIST 
[2024-12-14 12:04:08] Procurando produção para PARAMLIST e RESERVED_WORD_FLOAT
[2024-12-14 12:04:08] PARAMLIST -> RESERVED_WORD_FLOAT IDENT PARAMLIST_ 
[2024-12-14 12:04:08] Buffer: RESERVED_WORD_FLOAT:float
[2024-12-14 12:04:08] Stack: END_OF_FILE FUNCLIST_ CLOSE_CURLY_BRACE STATELIST OPEN_CURLY_BRACE CLOSE_PARENTHESIS PARAMLIST_ IDENT RESERVED_WORD_FLOAT 
[2024-12-14 12:04:08] Buffer: IDENT:b
[2024-12-14 12:04:08] Stack: END_OF_FILE FUNCLIST_ CLOSE_CURLY_BRACE STATELIST OPEN_CURLY_BRACE CLOSE_PARENTHESIS PARAMLIST_ IDENT 
[2024-12-14 12:04:08] Buffer: CLOSE_PARENTHESIS:)
[2024-12-14 12:04:08] Stack: END_OF_FILE FUNCLIST_ CLOSE_CURLY_BRACE STATELIST OPEN_CURLY_BRACE CLOSE_PARENTHESIS PARAMLIST_ 
[2024-12-14 12:04:08] Procurando produção para PARAMLIST_ e CLOSE_PARENTHESIS
[2024-12-14 12:04:08] PARAMLIST_ -> 
[2024-12-14 12:04:08] Buffer: CLOSE_PARENTHESIS:)
[2024-12-14 12:04:08] Stack: END_OF_FILE FUNCLIST_ CLOSE_CURLY_BRACE STATELIST OPEN_CURLY_BRACE CLOSE_PARENTHESIS 
[2024-12-14 12:04:08] Buffer: OPEN_CURLY_BRACE:{
[2024-12-14 12:04:08] Stack: END_OF_FILE FUNCLIST_ CLOSE_CURLY_BRACE STATELIST OPEN_CURLY_BRACE 
[2024-12-14 12:04:08] Buffer: RESERVED_WORD_IF:if
[2024-12-14 12:04:08] Stack: END_OF_FILE FUNCLIST_ CLOSE_CURLY_BRACE STATELIST 
[2024-12-14 12:04:08] Procurando produção para STATELIST e RESERVED_WORD_IF
[2024-12-14 12:04:08] STATELIST -> STATEMENT STATELIST_ 
[2024-12-14 12:04:08] Buffer: RESERVED_WORD_IF:if
[2024-12-14 12:04:08] Stack: END_OF_FILE FUNCLIST_ CLOSE_CURLY_BRACE STATELIST_ STATEMENT 
[2024-12-14 12:04:08] Procurando produção para STATEMENT e RESERVED_WORD_IF
[2024-12-14 12:04:08] STATEMENT -> IFSTAT 
[2024-12-14 12:04:08] Buffer: RESERVED_WORD_IF:if
[2024-12-14 12:04:08] Stack: END_OF_FILE FUNCLIST_ CLOSE_CURLY_BRACE STATELIST_ IFSTAT 
[2024-12-14 12:04:08] Procurando produção para IFSTAT e RESERVED_WORD_IF
[2024-12-14 12:04:08] IFSTAT -> RESERVED_WORD_IF OPEN_PARENTHESIS EXPRESSION CLOSE_PARENTHESIS STATEMENT IFSTAT_ 
[2024-12-14 12:04:08] Buffer: RESERVED_WORD_IF:if
[2024-12-14 12:04:08] Stack: END_OF_FILE FUNCLIST_ CLOSE_CURLY_BRACE STATELIST_ IFSTAT_ STATEMENT CLOSE_PARENTHESIS EXPRESSION OPEN_PARENTHESIS RESERVED_WORD_IF 
[2024-12-14 12:04:08] Buffer: OPEN_PARENTHESIS:(
[2024-12-14 12:04:08] Stack: END_OF_FILE FUNCLIST_ CLOSE_CURLY_BRACE STATELIST_ IFSTAT_ STATEMENT CLOSE_PARENTHESIS EXPRESSION OPEN_PARENTHESIS 
[2024-12-14 12:04:08] Buffer: IDENT:a
[2024-12-14 12:04:08] Stack: END_OF_FILE FUNCLIST_ CLOSE_CURLY_BRACE STATELIST_ IFSTAT_ STATEMENT CLOSE_PARENTHESIS EXPRESSION 
[2024-12-14 12:04:08] Procurando produção para EXPRESSION e IDENT
[2024-12-14 12:04:08] EXPRESSION -> NUMEXPRESSION EXPRESSION_ 
[2024-12-14 12:04:08] Buffer: IDENT:a
[2024-12-14 12:04:08] Stack: END_OF_FILE FUNCLIST_ CLOSE_CURLY_BRACE STATELIST_ IFSTAT_ STATEMENT CLOSE_PARENTHESIS EXPRESSION_ NUMEXPRESSION 
[2024-12-14 12:04:08] Procurando produção para NUMEXPRESSION e IDENT
[2024-12-14 12:04:08] NUMEXPRESSION -> TERM OPTERM 
[2024-12-14 12:04:08] Buffer: IDENT:a
[2024-12-14 12:04:08] Stack: END_OF_FILE FUNCLIST_ CLOSE_CURLY_BRACE STATELIST_ IFSTAT_ STATEMENT CLOSE_PARENTHESIS EXPRESSION_ OPTERM TERM 
[2024-12-14 12:04:08] Procurando produção para TERM e IDENT
[2024-12-14 12:04:08] TERM -> UNARYEXPR UNARYTERM 
[2024-12-14 12:04:08] Buffer: IDENT:a
[2024-12-14 12:04:08] Stack: END_OF_FILE FUNCLIST_ CLOSE_CURLY_BRACE STATELIST_ IFSTAT_ STATEMENT CLOSE_PARENTHESIS EXPRESSION_ OPTERM UNARYTERM UNARYEXPR 
[2024-12-14 12:04:08] Procurando produção para UNARYEXPR e IDENT
[2024-12-14 12:04:08] UNARYEXPR -> FACTOR 
[2024-12-14 12:04:08] Buffer: IDENT:a
[2024-12-14 12:04:08] Stack: END_OF_FILE FUNCLIST_ CLOSE_CURLY_BRACE STATELIST_ IFSTAT_ STATEMENT CLOSE_PARENTHESIS EXPRESSION_ OPTERM UNARYTERM FACTOR 
[2024-12-14 12:04:08] Procurando produção para FACTOR e IDENT
[2024-12-14 12:04:08] FACTOR -> LVALUE 
[2024-12-14 12:04:08] Buffer: IDENT:a
[2024-12-14 12:04:08] Stack: END_OF_FILE FUNCLIST_ CLOSE_CURLY_BRACE STATELIST_ IFSTAT_ STATEMENT CLOSE_PARENTHESIS EXPRESSION_ OPTERM UNARYTERM LVALUE 
[2024-12-14 12:04:08] Procurando produção para LVALUE e IDENT
[2024-12-14 12:04:08] LVALUE -> IDENT NUMEXPRLIST 
[2024-12-14 12:04:08] Buffer: IDENT:a
[2024-12-14 12:04:08] Stack: END_OF_FILE FUNCLIST_ CLOSE_CURLY_BRACE STATELIST_ IFSTAT_ STATEMENT CLOSE_PARENTHESIS EXPRESSION_ OPTERM UNARYTERM NUMEXPRLIST IDENT 
[2024-12-14 12:04:08] Buffer: COMPARATOR:>
[2024-12-14 12:04:08] Stack: END_OF_FILE FUNCLIST_ CLOSE_CURLY_BRACE STATELIST_ IFSTAT_ STATEMENT CLOSE_PARENTHESIS EXPRESSION_ OPTERM UNARYTERM NUMEXPRLIST 
[2024-12-14 12:04:08] Procurando produção para NUMEXPRLIST e COMPARATOR
[2024-12-14 12:04:08] NUMEXPRLIST -> 
[2024-12-14 12:04:08] Buffer: COMPARATOR:>
[2024-12-14 12:04:08] Stack: END_OF_FILE FUNCLIST_ CLOSE_CURLY_BRACE STATELIST_ IFSTAT_ STATEMENT CLOSE_PARENTHESIS EXPRESSION_ OPTERM UNARYTERM 
[2024-12-14 12:04:08] Procurando produção para UNARYTERM e COMPARATOR
[2024-12-14 12:04:08] UNARYTERM -> 
[2024-12-14 12:04:08] Buffer: COMPARATOR:>
[2024-12-14 12:04:08] Stack: END_OF_FILE FUNCLIST_ CLOSE_CURLY_BRACE STATELIST_ IFSTAT_ STATEMENT CLOSE_PARENTHESIS EXPRESSION_ OPTERM 
[2024-12-14 12:04:08] Procurando produção para OPTERM e COMPARATOR
[2024-12-14 12:04:08] OPTERM -> 
[2024-12-14 12:04:08] Buffer: COMPARATOR:>
[2024-12-14 12:04:08] Stack: END_OF_FILE FUNCLIST_ CLOSE_CURLY_BRACE STATELIST_ IFSTAT_ STATEMENT CLOSE_PARENTHESIS EXPRESSION_ 
[2024-12-14 12:04:08] Procurando produção para EXPRESSION_ e COMPARATOR
[2024-12-14 12:04:08] EXPRESSION_ -> COMPARATOR EXPRESSION__ NUMEXPRESSION 
[2024-12-14 12:04:08] Buffer: COMPARATOR:>
[2024-12-14 12:04:08] Stack: END_OF_FILE FUNCLIST_ CLOSE_CURLY_BRACE STATELIST_ IFSTAT_ STATEMENT CLOSE_PARENTHESIS NUMEXPRESSION EXPRESSION__ COMPARATOR 
[2024-12-14 12:04:08] Buffer: IDENT:b
[2024-12-14 12:04:08] Stack: END_OF_FILE FUNCLIST_ CLOSE_CURLY_BRACE STATELIST_ IFSTAT_ STATEMENT CLOSE_PARENTHESIS NUMEXPRESSION EXPRESSION__ 
[2024-12-14 12:04:08] Procurando produção para EXPRESSION__ e IDENT
[2024-12-14 12:04:08] EXPRESSION__ -> 
[2024-12-14 12:04:08] Buffer: IDENT:b
[2024-12-14 12:04:08] Stack: END_OF_FILE FUNCLIST_ CLOSE_CURLY_BRACE STATELIST_ IFSTAT_ STATEMENT CLOSE_PARENTHESIS NUMEXPRESSION 
[2024-12-14 12:04:08] Procurando produção para NUMEXPRESSION e IDENT
[2024-12-14 12:04:08] NUMEXPRESSION -> TERM OPTERM 
[2024-12-14 12:04:08] Buffer: IDENT:b
[2024-12-14 12:04:08] Stack: END_OF_FILE FUNCLIST_ CLOSE_CURLY_BRACE STATELIST_ IFSTAT_ STATEMENT CLOSE_PARENTHESIS OPTERM TERM 
[2024-12-14 12:04:08] Procurando produção para TERM e IDENT
[2024-12-14 12:04:08] TERM -> UNARYEXPR UNARYTERM 
[2024-12-14 12:04:08] Buffer: IDENT:b
[2024-12-14 12:04:08] Stack: END_OF_FILE FUNCLIST_ CLOSE_CURLY_BRACE STATELIST_ IFSTAT_ STATEMENT CLOSE_PARENTHESIS OPTERM UNARYTERM UNARYEXPR 
[2024-12-14 12:04:08] Procurando produção para UNARYEXPR e IDENT
[2024-12-14 12:04:08] UNARYEXPR -> FACTOR 
[2024-12-14 12:04:08] Buffer: IDENT:b
[2024-12-14 12:04:08] Stack: END_OF_FILE FUNCLIST_ CLOSE_CURLY_BRACE STATELIST_ IFSTAT_ STATEMENT CLOSE_PARENTHESIS OPTERM UNARYTERM FACTOR 
[2024-12-14 12:04:08] Procurando produção para FACTOR e IDENT
[2024-12-14 12:04:08] FACTOR -> LVALUE 
[2024-12-14 12:04:08] Buffer: IDENT:b
[2024-12-14 12:04:08] Stack: END_OF_FILE FUNCLIST_ CLOSE_CURLY_BRACE STATELIST_ IFSTAT_ STATEMENT CLOSE_PARENTHESIS OPTERM UNARYTERM LVALUE 
[2024-12-14 12:04:08] Procurando produção para LVALUE e IDENT
[2024-12-14 12:04:08] LVALUE -> IDENT NUMEXPRLIST 
[2024-12-14 12:04:08] Buffer: IDENT:b
[2024-12-14 12:04:08] Stack: END_OF_FILE FUNCLIST_ CLOSE_CURLY_BRACE STATELIST_ IFSTAT_ STATEMENT CLOSE_PARENTHESIS OPTERM UNARYTERM NUMEXPRLIST IDENT 
[2024-12-14 12:04:08] Buffer: CLOSE_PARENTHESIS:)
[2024-12-14 12:04:08] Stack: END_OF_FILE FUNCLIST_ CLOSE_CURLY_BRACE STATELIST_ IFSTAT_ STATEMENT CLOSE_PARENTHESIS OPTERM UNARYTERM NUMEXPRLIST 
[2024-12-14 12:04:08] Procurando produção para NUMEXPRLIST e CLOSE_PARENTHESIS
[2024-12-14 12:04:08] NUMEXPRLIST -> 
[2024-12-14 12:04:08] Buffer: CLOSE_PARENTHESIS:)
[2024-12-14 12:04:08] Stack: END_OF_FILE FUNCLIST_ CLOSE_CURLY_BRACE STATELIST_ IFSTAT_ STATEMENT CLOSE_PARENTHESIS OPTERM UNARYTERM 
[2024-12-14 12:04:08] Procurando produção para UNARYTERM e CLOSE_PARENTHESIS
[2024-12-14 12:04:08] UNARYTERM -> 
[2024-12-14 12:04:08] Buffer: CLOSE_PARENTHESIS:)
[2024-12-14 12:04:08] Stack: END_OF_FILE FUNCLIST_ CLOSE_CURLY_BRACE STATELIST_ IFSTAT_ STATEMENT CLOSE_PARENTHESIS OPTERM 
[2024-12-14 12:04:08] Procurando produção para OPTERM e CLOSE_PARENTHESIS
[2024-12-14 12:04:08] OPTERM -> 
[2024-12-14 12:04:08] Buffer: CLOSE_PARENTHESIS:)
[2024-12-14 12:04:08] Stack: END_OF_FILE FUNCLIST_ CLOSE_CURLY_BRACE STATELIST_ IFSTAT_ STATEMENT CLOSE_PARENTHESIS 
[2024-12-14 12:04:08] Buffer: OPEN_CURLY_BRACE:{
[2024-12-14 12:04:08] Stack: END_OF_FILE FUNCLIST_ CLOSE_CURLY_BRACE STATELIST_ IFSTAT_ STATEMENT 
[2024-12-14 12:04:08] Procurando produção para STATEMENT e OPEN_CURLY_BRACE
[2024-12-14 12:04:08] STATEMENT -> OPEN_CURLY_BRACE STATELIST CLOSE_CURLY_BRACE 
[2024-12-14 12:04:08] Buffer: OPEN_CURLY_BRACE:{
[2024-12-14 12:04:08] Stack: END_OF_FILE FUNCLIST_ CLOSE_CURLY_BRACE STATELIST_ IFSTAT_ CLOSE_CURLY_BRACE STATELIST OPEN_CURLY_BRACE 
[2024-12-14 12:04:08] Buffer: RESERVED_WORD_PRINT:print
[2024-12-14 12:04:08] Stack: END_OF_FILE FUNCLIST_ CLOSE_CURLY_BRACE STATELIST_ IFSTAT_ CLOSE_CURLY_BRACE STATELIST 
[2024-12-14 12:04:08] Procurando produção para STATELIST e RESERVED_WORD_PRINT
[2024-12-14 12:04:08] STATELIST -> STATEMENT STATELIST_ 
[2024-12-14 12:04:08] Buffer: RESERVED_WORD_PRINT:print
[2024-12-14 12:04:08] Stack: END_OF_FILE FUNCLIST_ CLOSE_CURLY_BRACE STATELIST_ IFSTAT_ CLOSE_CURLY_BRACE STATELIST_ STATEMENT 
[2024-12-14 12:04:08] Procurando produção para STATEMENT e RESERVED_WORD_PRINT
[2024-12-14 12:04:08] STATEMENT -> PRINTSTAT SEMICOLON 
[2024-12-14 12:04:08] Buffer: RESERVED_WORD_PRINT:print
[2024-12-14 12:04:08] Stack: END_OF_FILE FUNCLIST_ CLOSE_CURLY_BRACE STATELIST_ IFSTAT_ CLOSE_CURLY_BRACE STATELIST_ SEMICOLON PRINTSTAT 
[2024-12-14 12:04:08] Procurando produção para PRINTSTAT e RESERVED_WORD_PRINT
[2024-12-14 12:04:08] PRINTSTAT -> RESERVED_WORD_PRINT EXPRESSION 
[2024-12-14 12:04:08] Buffer: RESERVED_WORD_PRINT:print
[2024-12-14 12:04:08] Stack: END_OF_FILE FUNCLIST_ CLOSE_CURLY_BRACE STATELIST_ IFSTAT_ CLOSE_CURLY_BRACE STATELIST_ SEMICOLON EXPRESSION RESERVED_WORD_PRINT 
[2024-12-14 12:04:08] Buffer: STRING_CONSTANT:"é maior"
[2024-12-14 12:04:08] Stack: END_OF_FILE FUNCLIST_ CLOSE_CURLY_BRACE STATELIST_ IFSTAT_ CLOSE_CURLY_BRACE STATELIST_ SEMICOLON EXPRESSION 
[2024-12-14 12:04:08] Procurando produção para EXPRESSION e STRING_CONSTANT
[2024-12-14 12:04:08] EXPRESSION -> NUMEXPRESSION EXPRESSION_ 
[2024-12-14 12:04:08] Buffer: STRING_CONSTANT:"é maior"
[2024-12-14 12:04:08] Stack: END_OF_FILE FUNCLIST_ CLOSE_CURLY_BRACE STATELIST_ IFSTAT_ CLOSE_CURLY_BRACE STATELIST_ SEMICOLON EXPRESSION_ NUMEXPRESSION 
[2024-12-14 12:04:08] Procurando produção para NUMEXPRESSION e STRING_CONSTANT
[2024-12-14 12:04:08] NUMEXPRESSION -> TERM OPTERM 
[2024-12-14 12:04:08] Buffer: STRING_CONSTANT:"é maior"
[2024-12-14 12:04:08] Stack: END_OF_FILE FUNCLIST_ CLOSE_CURLY_BRACE STATELIST_ IFSTAT_ CLOSE_CURLY_BRACE STATELIST_ SEMICOLON EXPRESSION_ OPTERM TERM 
[2024-12-14 12:04:08] Procurando produção para TERM e STRING_CONSTANT
[2024-12-14 12:04:08] TERM -> UNARYEXPR UNARYTERM 
[2024-12-14 12:04:08] Buffer: STRING_CONSTANT:"é maior"
[2024-12-14 12:04:08] Stack: END_OF_FILE FUNCLIST_ CLOSE_CURLY_BRACE STATELIST_ IFSTAT_ CLOSE_CURLY_BRACE STATELIST_ SEMICOLON EXPRESSION_ OPTERM UNARYTERM UNARYEXPR 
[2024-12-14 12:04:08] Procurando produção para UNARYEXPR e STRING_CONSTANT
[2024-12-14 12:04:08] UNARYEXPR -> FACTOR 
[2024-12-14 12:04:08] Buffer: STRING_CONSTANT:"é maior"
[2024-12-14 12:04:08] Stack: END_OF_FILE FUNCLIST_ CLOSE_CURLY_BRACE STATELIST_ IFSTAT_ CLOSE_CURLY_BRACE STATELIST_ SEMICOLON EXPRESSION_ OPTERM UNARYTERM FACTOR 
[2024-12-14 12:04:08] Procurando produção para FACTOR e STRING_CONSTANT
[2024-12-14 12:04:08] FACTOR -> STRING_CONSTANT 
[2024-12-14 12:04:08] Buffer: STRING_CONSTANT:"é maior"
[2024-12-14 12:04:08] Stack: END_OF_FILE FUNCLIST_ CLOSE_CURLY_BRACE STATELIST_ IFSTAT_ CLOSE_CURLY_BRACE STATELIST_ SEMICOLON EXPRESSION_ OPTERM UNARYTERM STRING_CONSTANT 
[2024-12-14 12:04:08] Buffer: SEMICOLON:;
[2024-12-14 12:04:08] Stack: END_OF_FILE FUNCLIST_ CLOSE_CURLY_BRACE STATELIST_ IFSTAT_ CLOSE_CURLY_BRACE STATELIST_ SEMICOLON EXPRESSION_ OPTERM UNARYTERM 
[2024-12-14 12:04:08] Procurando produção para UNARYTERM e SEMICOLON
[2024-12-14 12:04:08] UNARYTERM -> 
[2024-12-14 12:04:08] Buffer: SEMICOLON:;
[2024-12-14 12:04:08] Stack: END_OF_FILE FUNCLIST_ CLOSE_CURLY_BRACE STATELIST_ IFSTAT_ CLOSE_CURLY_BRACE STATELIST_ SEMICOLON EXPRESSION_ OPTERM 
[2024-12-14 12:04:08] Procurando produção para OPTERM e SEMICOLON
[2024-12-14 12:04:08] OPTERM -> 
[2024-12-14 12:04:08] Buffer: SEMICOLON:;
[2024-12-14 12:04:08] Stack: END_OF_FILE FUNCLIST_ CLOSE_CURLY_BRACE STATELIST_ IFSTAT_ CLOSE_CURLY_BRACE STATELIST_ SEMICOLON EXPRESSION_ 
[2024-12-14 12:04:08] Procurando produção para EXPRESSION_ e SEMICOLON
[2024-12-14 12:04:08] EXPRESSION_ -> 
[2024-12-14 12:04:08] Buffer: SEMICOLON:;
[2024-12-14 12:04:08] Stack: END_OF_FILE FUNCLIST_ CLOSE_CURLY_BRACE STATELIST_ IFSTAT_ CLOSE_CURLY_BRACE STATELIST_ SEMICOLON 
[2024-12-14 12:04:08] Buffer: CLOSE_CURLY_BRACE:}
[2024-12-14 12:04:08] Stack: END_OF_FILE FUNCLIST_ CLOSE_CURLY_BRACE STATELIST_ IFSTAT_ CLOSE_CURLY_BRACE STATELIST_ 
[2024-12-14 12:04:08] Procurando produção para STATELIST_ e CLOSE_CURLY_BRACE
[2024-12-14 12:04:08] STATELIST_ -> 
[2024-12-14 12:04:08] Buffer: CLOSE_CURLY_BRACE:}
[2024-12-14 12:04:08] Stack: END_OF_FILE FUNCLIST_ CLOSE_CURLY_BRACE STATELIST_ IFSTAT_ CLOSE_CURLY_BRACE 
[2024-12-14 12:04:08] Buffer: RESERVED_WORD_ELSE:else
[2024-12-14 12:04:08] Stack: END_OF_FILE FUNCLIST_ CLOSE_CURLY_BRACE STATELIST_ IFSTAT_ 
[2024-12-14 12:04:08] Procurando produção para IFSTAT_ e RESERVED_WORD_ELSE
[2024-12-14 12:04:08] IFSTAT_ -> RESERVED_WORD_ELSE STATEMENT 
[2024-12-14 12:04:08] Buffer: RESERVED_WORD_ELSE:else
[2024-12-14 12:04:08] Stack: END_OF_FILE FUNCLIST_ CLOSE_CURLY_BRACE STATELIST_ STATEMENT RESERVED_WORD_ELSE 
[2024-12-14 12:04:08] Buffer: OPEN_CURLY_BRACE:{
[2024-12-14 12:04:08] Stack: END_OF_FILE FUNCLIST_ CLOSE_CURLY_BRACE STATELIST_ STATEMENT 
[2024-12-14 12:04:08] Procurando produção para STATEMENT e OPEN_CURLY_BRACE
[2024-12-14 12:04:08] STATEMENT -> OPEN_CURLY_BRACE STATELIST CLOSE_CURLY_BRACE 
[2024-12-14 12:04:08] Buffer: OPEN_CURLY_BRACE:{
[2024-12-14 12:04:08] Stack: END_OF_FILE FUNCLIST_ CLOSE_CURLY_BRACE STATELIST_ CLOSE_CURLY_BRACE STATELIST OPEN_CURLY_BRACE 
[2024-12-14 12:04:08] Buffer: RESERVED_WORD_PRINT:print
[2024-12-14 12:04:08] Stack: END_OF_FILE FUNCLIST_ CLOSE_CURLY_BRACE STATELIST_ CLOSE_CURLY_BRACE STATELIST 
[2024-12-14 12:04:08] Procurando produção para STATELIST e RESERVED_WORD_PRINT
[2024-12-14 12:04:08] STATELIST -> STATEMENT STATELIST_ 
[2024-12-14 12:04:08] Buffer: RESERVED_WORD_PRINT:print
[2024-12-14 12:04:08] Stack: END_OF_FILE FUNCLIST_ CLOSE_CURLY_BRACE STATELIST_ CLOSE_CURLY_BRACE STATELIST_ STATEMENT 
[2024-12-14 12:04:08] Procurando produção para STATEMENT e RESERVED_WORD_PRINT
[2024-12-14 12:04:08] STATEMENT -> PRINTSTAT SEMICOLON 
[2024-12-14 12:04:08] Buffer: RESERVED_WORD_PRINT:print
[2024-12-14 12:04:08] Stack: END_OF_FILE FUNCLIST_ CLOSE_CURLY_BRACE STATELIST_ CLOSE_CURLY_BRACE STATELIST_ SEMICOLON PRINTSTAT 
[2024-12-14 12:04:08] Procurando produção para PRINTSTAT e RESERVED_WORD_PRINT
[2024-12-14 12:04:08] PRINTSTAT -> RESERVED_WORD_PRINT EXPRESSION 
[2024-12-14 12:04:08] Buffer: RESERVED_WORD_PRINT:print
[2024-12-14 12:04:08] Stack: END_OF_FILE FUNCLIST_ CLOSE_CURLY_BRACE STATELIST_ CLOSE_CURLY_BRACE STATELIST_ SEMICOLON EXPRESSION RESERVED_WORD_PRINT 
[2024-12-14 12:04:08] Buffer: STRING_CONSTANT:"é menor ou igual"
[2024-12-14 12:04:08] Stack: END_OF_FILE FUNCLIST_ CLOSE_CURLY_BRACE STATELIST_ CLOSE_CURLY_BRACE STATELIST_ SEMICOLON EXPRESSION 
[2024-12-14 12:04:08] Procurando produção para EXPRESSION e STRING_CONSTANT
[2024-12-14 12:04:08] EXPRESSION -> NUMEXPRESSION EXPRESSION_ 
[2024-12-14 12:04:08] Buffer: STRING_CONSTANT:"é menor ou igual"
[2024-12-14 12:04:08] Stack: END_OF_FILE FUNCLIST_ CLOSE_CURLY_BRACE STATELIST_ CLOSE_CURLY_BRACE STATELIST_ SEMICOLON EXPRESSION_ NUMEXPRESSION 
[2024-12-14 12:04:08] Procurando produção para NUMEXPRESSION e STRING_CONSTANT
[2024-12-14 12:04:08] NUMEXPRESSION -> TERM OPTERM 
[2024-12-14 12:04:08] Buffer: STRING_CONSTANT:"é menor ou igual"
[2024-12-14 12:04:08] Stack: END_OF_FILE FUNCLIST_ CLOSE_CURLY_BRACE STATELIST_ CLOSE_CURLY_BRACE STATELIST_ SEMICOLON EXPRESSION_ OPTERM TERM 
[2024-12-14 12:04:08] Procurando produção para TERM e STRING_CONSTANT
[2024-12-14 12:04:08] TERM -> UNARYEXPR UNARYTERM 
[2024-12-14 12:04:08] Buffer: STRING_CONSTANT:"é menor ou igual"
[2024-12-14 12:04:08] Stack: END_OF_FILE FUNCLIST_ CLOSE_CURLY_BRACE STATELIST_ CLOSE_CURLY_BRACE STATELIST_ SEMICOLON EXPRESSION_ OPTERM UNARYTERM UNARYEXPR 
[2024-12-14 12:04:08] Procurando produção para UNARYEXPR e STRING_CONSTANT
[2024-12-14 12:04:08] UNARYEXPR -> FACTOR 
[2024-12-14 12:04:08] Buffer: STRING_CONSTANT:"é menor ou igual"
[2024-12-14 12:04:08] Stack: END_OF_FILE FUNCLIST_ CLOSE_CURLY_BRACE STATELIST_ CLOSE_CURLY_BRACE STATELIST_ SEMICOLON EXPRESSION_ OPTERM UNARYTERM FACTOR 
[2024-12-14 12:04:08] Procurando produção para FACTOR e STRING_CONSTANT
[2024-12-14 12:04:08] FACTOR -> STRING_CONSTANT 
[2024-12-14 12:04:08] Buffer: STRING_CONSTANT:"é menor ou igual"
[2024-12-14 12:04:08] Stack: END_OF_FILE FUNCLIST_ CLOSE_CURLY_BRACE STATELIST_ CLOSE_CURLY_BRACE STATELIST_ SEMICOLON EXPRESSION_ OPTERM UNARYTERM STRING_CONSTANT 
[2024-12-14 12:04:08] Buffer: SEMICOLON:;
[2024-12-14 12:04:08] Stack: END_OF_FILE FUNCLIST_ CLOSE_CURLY_BRACE STATELIST_ CLOSE_CURLY_BRACE STATELIST_ SEMICOLON EXPRESSION_ OPTERM UNARYTERM 
[2024-12-14 12:04:08] Procurando produção para UNARYTERM e SEMICOLON
[2024-12-14 12:04:08] UNARYTERM -> 
[2024-12-14 12:04:08] Buffer: SEMICOLON:;
[2024-12-14 12:04:08] Stack: END_OF_FILE FUNCLIST_ CLOSE_CURLY_BRACE STATELIST_ CLOSE_CURLY_BRACE STATELIST_ SEMICOLON EXPRESSION_ OPTERM 
[2024-12-14 12:04:08] Procurando produção para OPTERM e SEMICOLON
[2024-12-14 12:04:08] OPTERM -> 
[2024-12-14 12:04:08] Buffer: SEMICOLON:;
[2024-12-14 12:04:08] Stack: END_OF_FILE FUNCLIST_ CLOSE_CURLY_BRACE STATELIST_ CLOSE_CURLY_BRACE STATELIST_ SEMICOLON EXPRESSION_ 
[2024-12-14 12:04:08] Procurando produção para EXPRESSION_ e SEMICOLON
[2024-12-14 12:04:08] EXPRESSION_ -> 
[2024-12-14 12:04:08] Buffer: SEMICOLON:;
[2024-12-14 12:04:08] Stack: END_OF_FILE FUNCLIST_ CLOSE_CURLY_BRACE STATELIST_ CLOSE_CURLY_BRACE STATELIST_ SEMICOLON 
[2024-12-14 12:04:08] Buffer: CLOSE_CURLY_BRACE:}
[2024-12-14 12:04:08] Stack: END_OF_FILE FUNCLIST_ CLOSE_CURLY_BRACE STATELIST_ CLOSE_CURLY_BRACE STATELIST_ 
[2024-12-14 12:04:08] Procurando produção para STATELIST_ e CLOSE_CURLY_BRACE
[2024-12-14 12:04:08] STATELIST_ -> 
[2024-12-14 12:04:08] Buffer: CLOSE_CURLY_BRACE:}
[2024-12-14 12:04:08] Stack: END_OF_FILE FUNCLIST_ CLOSE_CURLY_BRACE STATELIST_ CLOSE_CURLY_BRACE 
[2024-12-14 12:04:08] Buffer: CLOSE_CURLY_BRACE:}
[2024-12-14 12:04:08] Stack: END_OF_FILE FUNCLIST_ CLOSE_CURLY_BRACE STATELIST_ 
[2024-12-14 12:04:08] Procurando produção para STATELIST_ e CLOSE_CURLY_BRACE
[2024-12-14 12:04:08] STATELIST_ -> 
[2024-12-14 12:04:08] Buffer: CLOSE_CURLY_BRACE:}
[2024-12-14 12:04:08] Stack: END_OF_FILE FUNCLIST_ CLOSE_CURLY_BRACE 
[2024-12-14 12:04:08] Análise sintática concluída com sucesso!
